{"/usr/src/app/ormconfig.js": {"path":"/usr/src/app/ormconfig.js","statementMap":{"0":{"start":{"line":1,"column":0},"end":{"line":24,"column":2}}},"fnMap":{},"branchMap":{"0":{"loc":{"start":{"line":4,"column":12},"end":{"line":4,"column":39}},"type":"binary-expr","locations":[{"start":{"line":4,"column":12},"end":{"line":4,"column":31}},{"start":{"line":4,"column":35},"end":{"line":4,"column":39}}],"line":4},"1":{"loc":{"start":{"line":11,"column":12},"end":{"line":11,"column":58}},"type":"cond-expr","locations":[{"start":{"line":11,"column":44},"end":{"line":11,"column":50}},{"start":{"line":11,"column":53},"end":{"line":11,"column":58}}],"line":11},"2":{"loc":{"start":{"line":11,"column":74},"end":{"line":11,"column":117}},"type":"cond-expr","locations":[{"start":{"line":11,"column":106},"end":{"line":11,"column":110}},{"start":{"line":11,"column":113},"end":{"line":11,"column":117}}],"line":11},"3":{"loc":{"start":{"line":14,"column":12},"end":{"line":14,"column":58}},"type":"cond-expr","locations":[{"start":{"line":14,"column":44},"end":{"line":14,"column":50}},{"start":{"line":14,"column":53},"end":{"line":14,"column":58}}],"line":14},"4":{"loc":{"start":{"line":14,"column":77},"end":{"line":14,"column":120}},"type":"cond-expr","locations":[{"start":{"line":14,"column":109},"end":{"line":14,"column":113}},{"start":{"line":14,"column":116},"end":{"line":14,"column":120}}],"line":14},"5":{"loc":{"start":{"line":17,"column":12},"end":{"line":17,"column":58}},"type":"cond-expr","locations":[{"start":{"line":17,"column":44},"end":{"line":17,"column":50}},{"start":{"line":17,"column":53},"end":{"line":17,"column":58}}],"line":17},"6":{"loc":{"start":{"line":17,"column":78},"end":{"line":17,"column":121}},"type":"cond-expr","locations":[{"start":{"line":17,"column":110},"end":{"line":17,"column":114}},{"start":{"line":17,"column":117},"end":{"line":17,"column":121}}],"line":17}},"s":{"0":3},"f":{},"b":{"0":[3,0],"1":[0,3],"2":[0,3],"3":[0,3],"4":[0,3],"5":[0,3],"6":[0,3]},"_coverageSchema":"1a1c01bbd47fc00a2c39e90264f33305004495a9","hash":"71660cf4255f0ba145f7623c43ea3aa800db53d5"}
,"/usr/src/app/src/helpers.ts": {"path":"/usr/src/app/src/helpers.ts","statementMap":{"0":{"start":{"line":4,"column":0},"end":{"line":4,"column":33}},"1":{"start":{"line":6,"column":0},"end":{"line":6,"column":43}},"2":{"start":{"line":8,"column":13},"end":{"line":15,"column":null}},"3":{"start":{"line":9,"column":4},"end":{"line":12,"column":null}},"4":{"start":{"line":11,"column":8},"end":{"line":11,"column":20}},"5":{"start":{"line":14,"column":4},"end":{"line":14,"column":17}},"6":{"start":{"line":17,"column":13},"end":{"line":21,"column":null}},"7":{"start":{"line":18,"column":33},"end":{"line":18,"column":49}},"8":{"start":{"line":20,"column":4},"end":{"line":20,"column":49}},"9":{"start":{"line":23,"column":13},"end":{"line":26,"column":null}},"10":{"start":{"line":25,"column":4},"end":{"line":25,"column":46}},"11":{"start":{"line":28,"column":13},"end":{"line":38,"column":null}},"12":{"start":{"line":30,"column":16},"end":{"line":30,"column":37}},"13":{"start":{"line":32,"column":4},"end":{"line":35,"column":null}},"14":{"start":{"line":34,"column":8},"end":{"line":34,"column":15}},"15":{"start":{"line":37,"column":4},"end":{"line":37,"column":20}},"16":{"start":{"line":40,"column":13},"end":{"line":49,"column":null}},"17":{"start":{"line":40,"column":43},"end":{"line":49,"column":null}},"18":{"start":{"line":42,"column":4},"end":{"line":42,"column":35}},"19":{"start":{"line":42,"column":18},"end":{"line":42,"column":35}},"20":{"start":{"line":44,"column":33},"end":{"line":44,"column":49}},"21":{"start":{"line":46,"column":4},"end":{"line":48,"column":27}},"22":{"start":{"line":51,"column":13},"end":{"line":58,"column":null}},"23":{"start":{"line":51,"column":63},"end":{"line":58,"column":null}},"24":{"start":{"line":53,"column":26},"end":{"line":53,"column":41}},"25":{"start":{"line":55,"column":4},"end":{"line":55,"column":74}},"26":{"start":{"line":55,"column":23},"end":{"line":55,"column":74}},"27":{"start":{"line":57,"column":4},"end":{"line":57,"column":25}},"28":{"start":{"line":60,"column":13},"end":{"line":84,"column":null}},"29":{"start":{"line":61,"column":14},"end":{"line":61,"column":33}},"30":{"start":{"line":62,"column":16},"end":{"line":62,"column":42}},"31":{"start":{"line":63,"column":15},"end":{"line":63,"column":38}},"32":{"start":{"line":64,"column":15},"end":{"line":64,"column":35}},"33":{"start":{"line":65,"column":18},"end":{"line":65,"column":40}},"34":{"start":{"line":66,"column":18},"end":{"line":66,"column":40}},"35":{"start":{"line":68,"column":22},"end":{"line":74,"column":5}},"36":{"start":{"line":69,"column":8},"end":{"line":71,"column":null}},"37":{"start":{"line":70,"column":12},"end":{"line":70,"column":24}},"38":{"start":{"line":73,"column":8},"end":{"line":73,"column":17}},"39":{"start":{"line":76,"column":4},"end":{"line":76,"column":25}},"40":{"start":{"line":77,"column":4},"end":{"line":77,"column":29}},"41":{"start":{"line":78,"column":4},"end":{"line":78,"column":27}},"42":{"start":{"line":79,"column":4},"end":{"line":79,"column":27}},"43":{"start":{"line":80,"column":4},"end":{"line":80,"column":33}},"44":{"start":{"line":81,"column":4},"end":{"line":81,"column":33}},"45":{"start":{"line":83,"column":4},"end":{"line":83,"column":87}}},"fnMap":{"0":{"name":"(anonymous_8)","decl":{"start":{"line":8,"column":28},"end":{"line":8,"column":29}},"loc":{"start":{"line":8,"column":54},"end":{"line":15,"column":1}}},"1":{"name":"(anonymous_9)","decl":{"start":{"line":17,"column":20},"end":{"line":17,"column":23}},"loc":{"start":{"line":17,"column":25},"end":{"line":21,"column":1}}},"2":{"name":"(anonymous_10)","decl":{"start":{"line":23,"column":33},"end":{"line":23,"column":34}},"loc":{"start":{"line":23,"column":50},"end":{"line":26,"column":1}}},"3":{"name":"(anonymous_11)","decl":{"start":{"line":28,"column":24},"end":{"line":28,"column":25}},"loc":{"start":{"line":28,"column":61},"end":{"line":38,"column":1}}},"4":{"name":"(anonymous_12)","decl":{"start":{"line":40,"column":20},"end":{"line":40,"column":27}},"loc":{"start":{"line":40,"column":43},"end":{"line":49,"column":null}}},"5":{"name":"(anonymous_13)","decl":{"start":{"line":40,"column":43},"end":{"line":40,"column":null}},"loc":{"start":{"line":40,"column":43},"end":{"line":49,"column":1}}},"6":{"name":"(anonymous_14)","decl":{"start":{"line":51,"column":25},"end":{"line":51,"column":32}},"loc":{"start":{"line":51,"column":63},"end":{"line":58,"column":null}}},"7":{"name":"(anonymous_15)","decl":{"start":{"line":51,"column":63},"end":{"line":51,"column":null}},"loc":{"start":{"line":51,"column":63},"end":{"line":58,"column":1}}},"8":{"name":"(anonymous_16)","decl":{"start":{"line":60,"column":30},"end":{"line":60,"column":31}},"loc":{"start":{"line":60,"column":45},"end":{"line":84,"column":1}}},"9":{"name":"(anonymous_17)","decl":{"start":{"line":68,"column":22},"end":{"line":68,"column":23}},"loc":{"start":{"line":68,"column":33},"end":{"line":74,"column":5}}}},"branchMap":{"0":{"loc":{"start":{"line":9,"column":4},"end":{"line":12,"column":null}},"type":"if","locations":[{"start":{"line":9,"column":4},"end":{"line":12,"column":null}},{"start":{"line":9,"column":4},"end":{"line":12,"column":null}}]},"1":{"loc":{"start":{"line":9,"column":8},"end":{"line":9,"column":15}},"type":"binary-expr","locations":[{"start":{"line":9,"column":8},"end":{"line":9,"column":15}},{"start":{"line":9,"column":20},"end":{"line":9,"column":38}},{"start":{"line":9,"column":42},"end":{"line":9,"column":81}}]},"2":{"loc":{"start":{"line":32,"column":4},"end":{"line":35,"column":null}},"type":"if","locations":[{"start":{"line":32,"column":4},"end":{"line":35,"column":null}},{"start":{"line":32,"column":4},"end":{"line":35,"column":null}}]},"3":{"loc":{"start":{"line":42,"column":4},"end":{"line":42,"column":35}},"type":"if","locations":[{"start":{"line":42,"column":4},"end":{"line":42,"column":35}},{"start":{"line":42,"column":4},"end":{"line":42,"column":35}}]},"4":{"loc":{"start":{"line":55,"column":4},"end":{"line":55,"column":74}},"type":"if","locations":[{"start":{"line":55,"column":4},"end":{"line":55,"column":74}},{"start":{"line":55,"column":4},"end":{"line":55,"column":74}}]},"5":{"loc":{"start":{"line":69,"column":8},"end":{"line":71,"column":null}},"type":"if","locations":[{"start":{"line":69,"column":8},"end":{"line":71,"column":null}},{"start":{"line":69,"column":8},"end":{"line":71,"column":null}}]}},"s":{"0":3,"1":3,"2":3,"3":4,"4":3,"5":1,"6":3,"7":3,"8":3,"9":3,"10":0,"11":3,"12":0,"13":0,"14":0,"15":0,"16":3,"17":6,"18":6,"19":2,"20":4,"21":4,"22":3,"23":3,"24":3,"25":3,"26":2,"27":1,"28":3,"29":1,"30":1,"31":1,"32":1,"33":1,"34":1,"35":1,"36":6,"37":5,"38":6,"39":1,"40":1,"41":1,"42":1,"43":1,"44":1,"45":1},"f":{"0":4,"1":3,"2":0,"3":0,"4":6,"5":6,"6":3,"7":3,"8":1,"9":6},"b":{"0":[3,1],"1":[4,2,2],"2":[0,0],"3":[2,4],"4":[2,1],"5":[5,1]}}
,"/usr/src/app/src/contracts/abstractions/Filter.ts": {"path":"/usr/src/app/src/contracts/abstractions/Filter.ts","statementMap":{"0":{"start":{"line":1,"column":0},"end":{"line":1,"column":39}},"1":{"start":{"line":6,"column":0},"end":{"line":24,"column":null}},"2":{"start":{"line":12,"column":29},"end":{"line":12,"column":33}},"3":{"start":{"line":14,"column":8},"end":{"line":14,"column":27}},"4":{"start":{"line":16,"column":8},"end":{"line":20,"column":null}},"5":{"start":{"line":17,"column":12},"end":{"line":19,"column":null}},"6":{"start":{"line":18,"column":16},"end":{"line":18,"column":50}},"7":{"start":{"line":22,"column":8},"end":{"line":22,"column":28}},"8":{"start":{"line":6,"column":30},"end":{"line":24,"column":null}},"9":{"start":{"line":6,"column":30},"end":{"line":6,"column":null}}},"fnMap":{"0":{"name":"(anonymous_1)","decl":{"start":{"line":10,"column":11},"end":{"line":10,"column":16}},"loc":{"start":{"line":10,"column":59},"end":{"line":23,"column":5}}}},"branchMap":{"0":{"loc":{"start":{"line":17,"column":12},"end":{"line":19,"column":null}},"type":"if","locations":[{"start":{"line":17,"column":12},"end":{"line":19,"column":null}},{"start":{"line":17,"column":12},"end":{"line":19,"column":null}}]}},"s":{"0":3,"1":3,"2":0,"3":0,"4":0,"5":0,"6":0,"7":0,"8":3,"9":3},"f":{"0":0},"b":{"0":[0,0]}}
,"/usr/src/app/src/contracts/abstractions/Request.ts": {"path":"/usr/src/app/src/contracts/abstractions/Request.ts","statementMap":{"0":{"start":{"line":2,"column":0},"end":{"line":2,"column":45}},"1":{"start":{"line":3,"column":0},"end":{"line":3,"column":47}},"2":{"start":{"line":4,"column":0},"end":{"line":4,"column":49}},"3":{"start":{"line":5,"column":0},"end":{"line":5,"column":45}},"4":{"start":{"line":6,"column":0},"end":{"line":6,"column":45}},"5":{"start":{"line":7,"column":0},"end":{"line":7,"column":43}},"6":{"start":{"line":8,"column":0},"end":{"line":8,"column":39}},"7":{"start":{"line":9,"column":0},"end":{"line":9,"column":43}},"8":{"start":{"line":12,"column":0},"end":{"line":12,"column":24}},"9":{"start":{"line":140,"column":11},"end":{"line":162,"column":null}},"10":{"start":{"line":140,"column":87},"end":{"line":162,"column":null}},"11":{"start":{"line":142,"column":22},"end":{"line":142,"column":37}},"12":{"start":{"line":144,"column":26},"end":{"line":144,"column":28}},"13":{"start":{"line":146,"column":8},"end":{"line":157,"column":null}},"14":{"start":{"line":147,"column":12},"end":{"line":153,"column":null}},"15":{"start":{"line":148,"column":16},"end":{"line":152,"column":null}},"16":{"start":{"line":149,"column":41},"end":{"line":149,"column":97}},"17":{"start":{"line":151,"column":20},"end":{"line":151,"column":57}},"18":{"start":{"line":156,"column":12},"end":{"line":156,"column":24}},"19":{"start":{"line":159,"column":8},"end":{"line":159,"column":61}},"20":{"start":{"line":159,"column":47},"end":{"line":159,"column":61}},"21":{"start":{"line":161,"column":8},"end":{"line":161,"column":49}},"22":{"start":{"line":21,"column":8},"end":{"line":21,"column":34}},"23":{"start":{"line":26,"column":8},"end":{"line":33,"column":10}},"24":{"start":{"line":38,"column":8},"end":{"line":42,"column":null}},"25":{"start":{"line":39,"column":12},"end":{"line":41,"column":null}},"26":{"start":{"line":40,"column":16},"end":{"line":40,"column":74}},"27":{"start":{"line":47,"column":8},"end":{"line":52,"column":null}},"28":{"start":{"line":49,"column":30},"end":{"line":49,"column":84}},"29":{"start":{"line":51,"column":12},"end":{"line":51,"column":35}},"30":{"start":{"line":54,"column":8},"end":{"line":56,"column":null}},"31":{"start":{"line":55,"column":19},"end":{"line":55,"column":59}},"32":{"start":{"line":58,"column":8},"end":{"line":58,"column":58}},"33":{"start":{"line":64,"column":28},"end":{"line":64,"column":43}},"34":{"start":{"line":66,"column":26},"end":{"line":66,"column":42}},"35":{"start":{"line":68,"column":19},"end":{"line":68,"column":28}},"36":{"start":{"line":70,"column":8},"end":{"line":76,"column":null}},"37":{"start":{"line":70,"column":21},"end":{"line":70,"column":22}},"38":{"start":{"line":71,"column":12},"end":{"line":75,"column":null}},"39":{"start":{"line":72,"column":16},"end":{"line":72,"column":40}},"40":{"start":{"line":74,"column":16},"end":{"line":74,"column":53}},"41":{"start":{"line":78,"column":8},"end":{"line":81,"column":10}},"42":{"start":{"line":86,"column":8},"end":{"line":86,"column":63}},"43":{"start":{"line":91,"column":31},"end":{"line":91,"column":47}},"44":{"start":{"line":93,"column":28},"end":{"line":93,"column":43}},"45":{"start":{"line":95,"column":26},"end":{"line":95,"column":28}},"46":{"start":{"line":97,"column":28},"end":{"line":97,"column":63}},"47":{"start":{"line":99,"column":8},"end":{"line":117,"column":null}},"48":{"start":{"line":99,"column":21},"end":{"line":99,"column":22}},"49":{"start":{"line":101,"column":32},"end":{"line":101,"column":65}},"50":{"start":{"line":103,"column":33},"end":{"line":103,"column":46}},"51":{"start":{"line":105,"column":12},"end":{"line":105,"column":85}},"52":{"start":{"line":105,"column":47},"end":{"line":105,"column":85}},"53":{"start":{"line":108,"column":12},"end":{"line":116,"column":null}},"54":{"start":{"line":109,"column":33},"end":{"line":109,"column":95}},"55":{"start":{"line":111,"column":16},"end":{"line":115,"column":null}},"56":{"start":{"line":112,"column":20},"end":{"line":112,"column":58}},"57":{"start":{"line":112,"column":39},"end":{"line":112,"column":58}},"58":{"start":{"line":114,"column":20},"end":{"line":114,"column":88}},"59":{"start":{"line":119,"column":8},"end":{"line":119,"column":22}},"60":{"start":{"line":124,"column":20},"end":{"line":125,"column":null}},"61":{"start":{"line":128,"column":21},"end":{"line":128,"column":24}},"62":{"start":{"line":130,"column":8},"end":{"line":130,"column":27}},"63":{"start":{"line":132,"column":8},"end":{"line":135,"column":null}},"64":{"start":{"line":134,"column":12},"end":{"line":134,"column":38}},"65":{"start":{"line":137,"column":8},"end":{"line":137,"column":22}},"66":{"start":{"line":15,"column":0},"end":{"line":15,"column":30}}},"fnMap":{"0":{"name":"(anonymous_8)","decl":{"start":{"line":19,"column":4},"end":{"line":19,"column":null}},"loc":{"start":{"line":19,"column":4},"end":{"line":22,"column":5}}},"1":{"name":"(anonymous_9)","decl":{"start":{"line":140,"column":22},"end":{"line":140,"column":29}},"loc":{"start":{"line":140,"column":87},"end":{"line":162,"column":null}}},"2":{"name":"(anonymous_10)","decl":{"start":{"line":140,"column":87},"end":{"line":140,"column":null}},"loc":{"start":{"line":140,"column":87},"end":{"line":162,"column":5}}},"3":{"name":"(anonymous_11)","decl":{"start":{"line":24,"column":14},"end":{"line":24,"column":32}},"loc":{"start":{"line":24,"column":32},"end":{"line":34,"column":5}}},"4":{"name":"(anonymous_12)","decl":{"start":{"line":36,"column":14},"end":{"line":36,"column":23}},"loc":{"start":{"line":36,"column":54},"end":{"line":43,"column":5}}},"5":{"name":"(anonymous_13)","decl":{"start":{"line":45,"column":14},"end":{"line":45,"column":18}},"loc":{"start":{"line":45,"column":86},"end":{"line":60,"column":5}}},"6":{"name":"(anonymous_14)","decl":{"start":{"line":62,"column":14},"end":{"line":62,"column":23}},"loc":{"start":{"line":62,"column":36},"end":{"line":82,"column":5}}},"7":{"name":"(anonymous_15)","decl":{"start":{"line":84,"column":14},"end":{"line":84,"column":22}},"loc":{"start":{"line":84,"column":33},"end":{"line":87,"column":5}}},"8":{"name":"(anonymous_16)","decl":{"start":{"line":89,"column":20},"end":{"line":89,"column":33}},"loc":{"start":{"line":89,"column":83},"end":{"line":120,"column":null}}},"9":{"name":"(anonymous_18)","decl":{"start":{"line":122,"column":14},"end":{"line":122,"column":24}},"loc":{"start":{"line":122,"column":37},"end":{"line":138,"column":5}}}},"branchMap":{"0":{"loc":{"start":{"line":148,"column":16},"end":{"line":152,"column":null}},"type":"if","locations":[{"start":{"line":148,"column":16},"end":{"line":152,"column":null}},{"start":{"line":148,"column":16},"end":{"line":152,"column":null}}]},"1":{"loc":{"start":{"line":159,"column":8},"end":{"line":159,"column":61}},"type":"if","locations":[{"start":{"line":159,"column":8},"end":{"line":159,"column":61}},{"start":{"line":159,"column":8},"end":{"line":159,"column":61}}]},"2":{"loc":{"start":{"line":39,"column":12},"end":{"line":41,"column":null}},"type":"if","locations":[{"start":{"line":39,"column":12},"end":{"line":41,"column":null}},{"start":{"line":39,"column":12},"end":{"line":41,"column":null}}]},"3":{"loc":{"start":{"line":47,"column":8},"end":{"line":52,"column":null}},"type":"if","locations":[{"start":{"line":47,"column":8},"end":{"line":52,"column":null}},{"start":{"line":47,"column":8},"end":{"line":52,"column":null}}]},"4":{"loc":{"start":{"line":54,"column":8},"end":{"line":56,"column":null}},"type":"if","locations":[{"start":{"line":54,"column":8},"end":{"line":56,"column":null}},{"start":{"line":54,"column":8},"end":{"line":56,"column":null}}]},"5":{"loc":{"start":{"line":58,"column":28},"end":{"line":58,"column":49}},"type":"binary-expr","locations":[{"start":{"line":58,"column":28},"end":{"line":58,"column":49}},{"start":{"line":58,"column":53},"end":{"line":58,"column":56}}]},"6":{"loc":{"start":{"line":71,"column":12},"end":{"line":75,"column":null}},"type":"if","locations":[{"start":{"line":71,"column":12},"end":{"line":75,"column":null}},{"start":{"line":71,"column":12},"end":{"line":75,"column":null}}]},"7":{"loc":{"start":{"line":105,"column":12},"end":{"line":105,"column":85}},"type":"if","locations":[{"start":{"line":105,"column":12},"end":{"line":105,"column":85}},{"start":{"line":105,"column":12},"end":{"line":105,"column":85}}]},"8":{"loc":{"start":{"line":108,"column":12},"end":{"line":116,"column":null}},"type":"if","locations":[{"start":{"line":108,"column":12},"end":{"line":116,"column":null}},{"start":{"line":108,"column":12},"end":{"line":116,"column":null}}]},"9":{"loc":{"start":{"line":108,"column":15},"end":{"line":108,"column":26}},"type":"binary-expr","locations":[{"start":{"line":108,"column":15},"end":{"line":108,"column":26}},{"start":{"line":108,"column":30},"end":{"line":108,"column":56}}]},"10":{"loc":{"start":{"line":111,"column":16},"end":{"line":115,"column":null}},"type":"if","locations":[{"start":{"line":111,"column":16},"end":{"line":115,"column":null}},{"start":{"line":111,"column":16},"end":{"line":115,"column":null}}]},"11":{"loc":{"start":{"line":112,"column":20},"end":{"line":112,"column":58}},"type":"if","locations":[{"start":{"line":112,"column":20},"end":{"line":112,"column":58}},{"start":{"line":112,"column":20},"end":{"line":112,"column":58}}]},"12":{"loc":{"start":{"line":132,"column":8},"end":{"line":135,"column":null}},"type":"if","locations":[{"start":{"line":132,"column":8},"end":{"line":135,"column":null}},{"start":{"line":132,"column":8},"end":{"line":135,"column":null}}]}},"s":{"0":3,"1":3,"2":3,"3":3,"4":3,"5":3,"6":3,"7":3,"8":3,"9":9,"10":0,"11":0,"12":0,"13":0,"14":0,"15":0,"16":0,"17":0,"18":0,"19":0,"20":0,"21":0,"22":9,"23":9,"24":0,"25":0,"26":0,"27":0,"28":0,"29":0,"30":0,"31":0,"32":0,"33":0,"34":0,"35":0,"36":0,"37":0,"38":0,"39":0,"40":0,"41":0,"42":0,"43":0,"44":0,"45":0,"46":0,"47":0,"48":0,"49":0,"50":0,"51":0,"52":0,"53":0,"54":0,"55":0,"56":0,"57":0,"58":0,"59":0,"60":0,"61":0,"62":0,"63":0,"64":0,"65":0,"66":3},"f":{"0":9,"1":0,"2":0,"3":9,"4":0,"5":0,"6":0,"7":0,"8":0,"9":0},"b":{"0":[0,0],"1":[0,0],"2":[0,0],"3":[0,0],"4":[0,0],"5":[0,0],"6":[0,0],"7":[0,0],"8":[0,0],"9":[0,0],"10":[0,0],"11":[0,0],"12":[0,0]}}
,"/usr/src/app/src/contracts/abstractions/Transformer.ts": {"path":"/usr/src/app/src/contracts/abstractions/Transformer.ts","statementMap":{"0":{"start":{"line":1,"column":0},"end":{"line":1,"column":39}},"1":{"start":{"line":4,"column":0},"end":{"line":20,"column":null}},"2":{"start":{"line":8,"column":30},"end":{"line":8,"column":32}},"3":{"start":{"line":10,"column":8},"end":{"line":14,"column":11}},"4":{"start":{"line":11,"column":12},"end":{"line":13,"column":null}},"5":{"start":{"line":16,"column":8},"end":{"line":16,"column":19}},"6":{"start":{"line":4,"column":30},"end":{"line":20,"column":null}},"7":{"start":{"line":4,"column":30},"end":{"line":4,"column":null}}},"fnMap":{"0":{"name":"(anonymous_1)","decl":{"start":{"line":6,"column":11},"end":{"line":6,"column":25}},"loc":{"start":{"line":6,"column":43},"end":{"line":17,"column":5}}},"1":{"name":"(anonymous_2)","decl":{"start":{"line":10,"column":22},"end":{"line":10,"column":26}},"loc":{"start":{"line":10,"column":29},"end":{"line":14,"column":9}}}},"branchMap":{},"s":{"0":3,"1":3,"2":0,"3":0,"4":0,"5":0,"6":3,"7":3},"f":{"0":0,"1":0},"b":{}}
,"/usr/src/app/src/controllers/AccountController.ts": {"path":"/usr/src/app/src/controllers/AccountController.ts","statementMap":{"0":{"start":{"line":2,"column":0},"end":{"line":2,"column":144}},"1":{"start":{"line":3,"column":0},"end":{"line":3,"column":46}},"2":{"start":{"line":4,"column":0},"end":{"line":4,"column":57}},"3":{"start":{"line":5,"column":0},"end":{"line":5,"column":49}},"4":{"start":{"line":6,"column":0},"end":{"line":6,"column":40}},"5":{"start":{"line":7,"column":0},"end":{"line":7,"column":35}},"6":{"start":{"line":8,"column":0},"end":{"line":8,"column":58}},"7":{"start":{"line":9,"column":0},"end":{"line":9,"column":44}},"8":{"start":{"line":10,"column":0},"end":{"line":10,"column":68}},"9":{"start":{"line":13,"column":0},"end":{"line":141,"column":null}},"10":{"start":{"line":23,"column":8},"end":{"line":23,"column":16}},"11":{"start":{"line":25,"column":8},"end":{"line":25,"column":31}},"12":{"start":{"line":26,"column":8},"end":{"line":26,"column":31}},"13":{"start":{"line":27,"column":8},"end":{"line":27,"column":64}},"14":{"start":{"line":33,"column":21},"end":{"line":33,"column":41}},"15":{"start":{"line":35,"column":25},"end":{"line":38,"column":11}},"16":{"start":{"line":40,"column":8},"end":{"line":44,"column":11}},"17":{"start":{"line":50,"column":8},"end":{"line":53,"column":11}},"18":{"start":{"line":59,"column":21},"end":{"line":59,"column":41}},"19":{"start":{"line":61,"column":8},"end":{"line":72,"column":null}},"20":{"start":{"line":62,"column":12},"end":{"line":69,"column":15}},"21":{"start":{"line":71,"column":12},"end":{"line":71,"column":56}},"22":{"start":{"line":74,"column":8},"end":{"line":74,"column":33}},"23":{"start":{"line":80,"column":21},"end":{"line":80,"column":41}},"24":{"start":{"line":82,"column":22},"end":{"line":82,"column":26}},"25":{"start":{"line":84,"column":8},"end":{"line":91,"column":null}},"26":{"start":{"line":85,"column":12},"end":{"line":88,"column":16}},"27":{"start":{"line":90,"column":12},"end":{"line":90,"column":51}},"28":{"start":{"line":93,"column":8},"end":{"line":98,"column":11}},"29":{"start":{"line":104,"column":21},"end":{"line":104,"column":41}},"30":{"start":{"line":106,"column":24},"end":{"line":109,"column":11}},"31":{"start":{"line":111,"column":8},"end":{"line":111,"column":60}},"32":{"start":{"line":111,"column":21},"end":{"line":111,"column":60}},"33":{"start":{"line":113,"column":8},"end":{"line":120,"column":11}},"34":{"start":{"line":122,"column":8},"end":{"line":122,"column":33}},"35":{"start":{"line":128,"column":21},"end":{"line":128,"column":41}},"36":{"start":{"line":130,"column":24},"end":{"line":133,"column":11}},"37":{"start":{"line":135,"column":8},"end":{"line":135,"column":60}},"38":{"start":{"line":135,"column":21},"end":{"line":135,"column":60}},"39":{"start":{"line":137,"column":8},"end":{"line":137,"column":53}},"40":{"start":{"line":139,"column":8},"end":{"line":139,"column":33}},"41":{"start":{"line":31,"column":4},"end":{"line":45,"column":null}},"42":{"start":{"line":48,"column":4},"end":{"line":54,"column":null}},"43":{"start":{"line":57,"column":4},"end":{"line":75,"column":null}},"44":{"start":{"line":78,"column":4},"end":{"line":99,"column":null}},"45":{"start":{"line":102,"column":4},"end":{"line":123,"column":null}},"46":{"start":{"line":126,"column":4},"end":{"line":140,"column":null}},"47":{"start":{"line":13,"column":6},"end":{"line":141,"column":null}},"48":{"start":{"line":143,"column":0},"end":{"line":143,"column":33}}},"fnMap":{"0":{"name":"(anonymous_12)","decl":{"start":{"line":19,"column":4},"end":{"line":19,"column":null}},"loc":{"start":{"line":21,"column":46},"end":{"line":28,"column":5}}},"1":{"name":"(anonymous_13)","decl":{"start":{"line":31,"column":17},"end":{"line":31,"column":22}},"loc":{"start":{"line":31,"column":101},"end":{"line":45,"column":null}}},"2":{"name":"(anonymous_15)","decl":{"start":{"line":48,"column":17},"end":{"line":48,"column":23}},"loc":{"start":{"line":48,"column":102},"end":{"line":54,"column":null}}},"3":{"name":"(anonymous_17)","decl":{"start":{"line":57,"column":17},"end":{"line":57,"column":22}},"loc":{"start":{"line":57,"column":101},"end":{"line":75,"column":null}}},"4":{"name":"(anonymous_19)","decl":{"start":{"line":78,"column":17},"end":{"line":78,"column":21}},"loc":{"start":{"line":78,"column":132},"end":{"line":99,"column":null}}},"5":{"name":"(anonymous_21)","decl":{"start":{"line":102,"column":17},"end":{"line":102,"column":23}},"loc":{"start":{"line":102,"column":134},"end":{"line":123,"column":null}}},"6":{"name":"(anonymous_23)","decl":{"start":{"line":126,"column":17},"end":{"line":126,"column":23}},"loc":{"start":{"line":126,"column":134},"end":{"line":140,"column":null}}}},"branchMap":{"0":{"loc":{"start":{"line":111,"column":8},"end":{"line":111,"column":60}},"type":"if","locations":[{"start":{"line":111,"column":8},"end":{"line":111,"column":60}},{"start":{"line":111,"column":8},"end":{"line":111,"column":60}}]},"1":{"loc":{"start":{"line":135,"column":8},"end":{"line":135,"column":60}},"type":"if","locations":[{"start":{"line":135,"column":8},"end":{"line":135,"column":60}},{"start":{"line":135,"column":8},"end":{"line":135,"column":60}}]}},"s":{"0":3,"1":3,"2":3,"3":3,"4":3,"5":3,"6":3,"7":3,"8":3,"9":3,"10":0,"11":0,"12":0,"13":0,"14":0,"15":0,"16":0,"17":0,"18":0,"19":0,"20":0,"21":0,"22":0,"23":0,"24":0,"25":0,"26":0,"27":0,"28":0,"29":0,"30":0,"31":0,"32":0,"33":0,"34":0,"35":0,"36":0,"37":0,"38":0,"39":0,"40":0,"41":3,"42":3,"43":3,"44":3,"45":3,"46":3,"47":3,"48":3},"f":{"0":0,"1":0,"2":0,"3":0,"4":0,"5":0,"6":0},"b":{"0":[0,0],"1":[0,0]}}
,"/usr/src/app/src/controllers/ApiController.ts": {"path":"/usr/src/app/src/controllers/ApiController.ts","statementMap":{"0":{"start":{"line":2,"column":0},"end":{"line":2,"column":99}},"1":{"start":{"line":3,"column":0},"end":{"line":3,"column":46}},"2":{"start":{"line":4,"column":0},"end":{"line":4,"column":39}},"3":{"start":{"line":5,"column":0},"end":{"line":5,"column":58}},"4":{"start":{"line":6,"column":0},"end":{"line":6,"column":35}},"5":{"start":{"line":7,"column":0},"end":{"line":7,"column":53}},"6":{"start":{"line":8,"column":0},"end":{"line":8,"column":76}},"7":{"start":{"line":9,"column":0},"end":{"line":9,"column":66}},"8":{"start":{"line":12,"column":0},"end":{"line":44,"column":null}},"9":{"start":{"line":24,"column":8},"end":{"line":24,"column":16}},"10":{"start":{"line":26,"column":8},"end":{"line":26,"column":72}},"11":{"start":{"line":27,"column":8},"end":{"line":27,"column":43}},"12":{"start":{"line":28,"column":8},"end":{"line":28,"column":31}},"13":{"start":{"line":29,"column":8},"end":{"line":29,"column":61}},"14":{"start":{"line":35,"column":21},"end":{"line":35,"column":41}},"15":{"start":{"line":37,"column":25},"end":{"line":39,"column":41}},"16":{"start":{"line":41,"column":8},"end":{"line":42,"column":72}},"17":{"start":{"line":33,"column":4},"end":{"line":43,"column":null}},"18":{"start":{"line":12,"column":6},"end":{"line":44,"column":null}},"19":{"start":{"line":46,"column":0},"end":{"line":46,"column":29}}},"fnMap":{"0":{"name":"(anonymous_12)","decl":{"start":{"line":19,"column":4},"end":{"line":19,"column":null}},"loc":{"start":{"line":22,"column":88},"end":{"line":30,"column":5}}},"1":{"name":"(anonymous_13)","decl":{"start":{"line":33,"column":17},"end":{"line":33,"column":22}},"loc":{"start":{"line":33,"column":101},"end":{"line":43,"column":null}}}},"branchMap":{},"s":{"0":3,"1":3,"2":3,"3":3,"4":3,"5":3,"6":3,"7":3,"8":3,"9":0,"10":0,"11":0,"12":0,"13":0,"14":0,"15":0,"16":0,"17":3,"18":3,"19":3},"f":{"0":0,"1":0},"b":{}}
,"/usr/src/app/src/controllers/ApiKeyController.ts": {"path":"/usr/src/app/src/controllers/ApiKeyController.ts","statementMap":{"0":{"start":{"line":2,"column":0},"end":{"line":2,"column":135}},"1":{"start":{"line":3,"column":0},"end":{"line":3,"column":46}},"2":{"start":{"line":4,"column":0},"end":{"line":4,"column":57}},"3":{"start":{"line":5,"column":0},"end":{"line":5,"column":49}},"4":{"start":{"line":6,"column":0},"end":{"line":6,"column":38}},"5":{"start":{"line":7,"column":0},"end":{"line":7,"column":35}},"6":{"start":{"line":8,"column":0},"end":{"line":8,"column":39}},"7":{"start":{"line":9,"column":0},"end":{"line":9,"column":44}},"8":{"start":{"line":10,"column":0},"end":{"line":10,"column":74}},"9":{"start":{"line":13,"column":0},"end":{"line":92,"column":null}},"10":{"start":{"line":25,"column":8},"end":{"line":25,"column":16}},"11":{"start":{"line":27,"column":8},"end":{"line":27,"column":31}},"12":{"start":{"line":28,"column":8},"end":{"line":28,"column":31}},"13":{"start":{"line":29,"column":8},"end":{"line":29,"column":62}},"14":{"start":{"line":30,"column":8},"end":{"line":30,"column":59}},"15":{"start":{"line":36,"column":21},"end":{"line":36,"column":41}},"16":{"start":{"line":38,"column":23},"end":{"line":40,"column":11}},"17":{"start":{"line":42,"column":24},"end":{"line":42,"column":49}},"18":{"start":{"line":44,"column":8},"end":{"line":44,"column":56}},"19":{"start":{"line":44,"column":22},"end":{"line":44,"column":56}},"20":{"start":{"line":46,"column":8},"end":{"line":46,"column":71}},"21":{"start":{"line":48,"column":8},"end":{"line":52,"column":11}},"22":{"start":{"line":58,"column":21},"end":{"line":58,"column":41}},"23":{"start":{"line":60,"column":22},"end":{"line":60,"column":26}},"24":{"start":{"line":62,"column":8},"end":{"line":70,"column":null}},"25":{"start":{"line":63,"column":12},"end":{"line":67,"column":15}},"26":{"start":{"line":69,"column":12},"end":{"line":69,"column":56}},"27":{"start":{"line":72,"column":8},"end":{"line":72,"column":56}},"28":{"start":{"line":74,"column":8},"end":{"line":74,"column":41}},"29":{"start":{"line":80,"column":21},"end":{"line":80,"column":41}},"30":{"start":{"line":82,"column":24},"end":{"line":84,"column":11}},"31":{"start":{"line":86,"column":8},"end":{"line":86,"column":60}},"32":{"start":{"line":86,"column":21},"end":{"line":86,"column":60}},"33":{"start":{"line":88,"column":8},"end":{"line":88,"column":52}},"34":{"start":{"line":90,"column":8},"end":{"line":90,"column":41}},"35":{"start":{"line":34,"column":4},"end":{"line":53,"column":null}},"36":{"start":{"line":56,"column":4},"end":{"line":75,"column":null}},"37":{"start":{"line":78,"column":4},"end":{"line":91,"column":null}},"38":{"start":{"line":13,"column":6},"end":{"line":92,"column":null}},"39":{"start":{"line":94,"column":0},"end":{"line":94,"column":32}}},"fnMap":{"0":{"name":"(anonymous_12)","decl":{"start":{"line":20,"column":4},"end":{"line":20,"column":null}},"loc":{"start":{"line":23,"column":85},"end":{"line":31,"column":5}}},"1":{"name":"(anonymous_13)","decl":{"start":{"line":34,"column":17},"end":{"line":34,"column":22}},"loc":{"start":{"line":34,"column":101},"end":{"line":53,"column":null}}},"2":{"name":"(anonymous_15)","decl":{"start":{"line":56,"column":17},"end":{"line":56,"column":25}},"loc":{"start":{"line":56,"column":104},"end":{"line":75,"column":null}}},"3":{"name":"(anonymous_17)","decl":{"start":{"line":78,"column":17},"end":{"line":78,"column":23}},"loc":{"start":{"line":78,"column":134},"end":{"line":91,"column":null}}}},"branchMap":{"0":{"loc":{"start":{"line":44,"column":8},"end":{"line":44,"column":56}},"type":"if","locations":[{"start":{"line":44,"column":8},"end":{"line":44,"column":56}},{"start":{"line":44,"column":8},"end":{"line":44,"column":56}}]},"1":{"loc":{"start":{"line":86,"column":8},"end":{"line":86,"column":60}},"type":"if","locations":[{"start":{"line":86,"column":8},"end":{"line":86,"column":60}},{"start":{"line":86,"column":8},"end":{"line":86,"column":60}}]}},"s":{"0":3,"1":3,"2":3,"3":3,"4":3,"5":3,"6":3,"7":3,"8":3,"9":3,"10":0,"11":0,"12":0,"13":0,"14":0,"15":0,"16":0,"17":0,"18":0,"19":0,"20":0,"21":0,"22":0,"23":0,"24":0,"25":0,"26":0,"27":0,"28":0,"29":0,"30":0,"31":0,"32":0,"33":0,"34":0,"35":3,"36":3,"37":3,"38":3,"39":3},"f":{"0":0,"1":0,"2":0,"3":0},"b":{"0":[0,0],"1":[0,0]}}
,"/usr/src/app/src/controllers/AuthController.ts": {"path":"/usr/src/app/src/controllers/AuthController.ts","statementMap":{"0":{"start":{"line":1,"column":0},"end":{"line":1,"column":108}},"1":{"start":{"line":2,"column":0},"end":{"line":2,"column":46}},"2":{"start":{"line":3,"column":0},"end":{"line":3,"column":32}},"3":{"start":{"line":4,"column":0},"end":{"line":4,"column":35}},"4":{"start":{"line":5,"column":0},"end":{"line":5,"column":36}},"5":{"start":{"line":7,"column":0},"end":{"line":7,"column":41}},"6":{"start":{"line":8,"column":0},"end":{"line":8,"column":58}},"7":{"start":{"line":9,"column":0},"end":{"line":9,"column":52}},"8":{"start":{"line":10,"column":0},"end":{"line":10,"column":47}},"9":{"start":{"line":11,"column":0},"end":{"line":11,"column":57}},"10":{"start":{"line":14,"column":0},"end":{"line":83,"column":null}},"11":{"start":{"line":20,"column":8},"end":{"line":20,"column":16}},"12":{"start":{"line":22,"column":8},"end":{"line":22,"column":25}},"13":{"start":{"line":24,"column":8},"end":{"line":24,"column":44}},"14":{"start":{"line":25,"column":8},"end":{"line":25,"column":50}},"15":{"start":{"line":31,"column":8},"end":{"line":36,"column":11}},"16":{"start":{"line":49,"column":8},"end":{"line":49,"column":33}},"17":{"start":{"line":55,"column":8},"end":{"line":60,"column":11}},"18":{"start":{"line":73,"column":8},"end":{"line":73,"column":33}},"19":{"start":{"line":79,"column":8},"end":{"line":79,"column":21}},"20":{"start":{"line":81,"column":8},"end":{"line":81,"column":38}},"21":{"start":{"line":29,"column":4},"end":{"line":37,"column":null}},"22":{"start":{"line":47,"column":4},"end":{"line":50,"column":null}},"23":{"start":{"line":53,"column":4},"end":{"line":61,"column":null}},"24":{"start":{"line":71,"column":4},"end":{"line":74,"column":null}},"25":{"start":{"line":77,"column":4},"end":{"line":82,"column":null}},"26":{"start":{"line":14,"column":6},"end":{"line":83,"column":null}},"27":{"start":{"line":85,"column":0},"end":{"line":85,"column":30}}},"fnMap":{"0":{"name":"(anonymous_12)","decl":{"start":{"line":18,"column":4},"end":{"line":18,"column":17}},"loc":{"start":{"line":18,"column":42},"end":{"line":26,"column":5}}},"1":{"name":"(anonymous_13)","decl":{"start":{"line":29,"column":17},"end":{"line":29,"column":33}},"loc":{"start":{"line":29,"column":112},"end":{"line":37,"column":null}}},"2":{"name":"(anonymous_15)","decl":{"start":{"line":47,"column":17},"end":{"line":47,"column":25}},"loc":{"start":{"line":47,"column":104},"end":{"line":50,"column":null}}},"3":{"name":"(anonymous_17)","decl":{"start":{"line":53,"column":17},"end":{"line":53,"column":30}},"loc":{"start":{"line":53,"column":109},"end":{"line":61,"column":null}}},"4":{"name":"(anonymous_19)","decl":{"start":{"line":71,"column":17},"end":{"line":71,"column":22}},"loc":{"start":{"line":71,"column":101},"end":{"line":74,"column":null}}},"5":{"name":"(anonymous_21)","decl":{"start":{"line":77,"column":17},"end":{"line":77,"column":23}},"loc":{"start":{"line":77,"column":102},"end":{"line":82,"column":null}}}},"branchMap":{},"s":{"0":3,"1":3,"2":3,"3":3,"4":3,"5":3,"6":3,"7":3,"8":3,"9":3,"10":3,"11":0,"12":0,"13":0,"14":0,"15":0,"16":0,"17":0,"18":0,"19":0,"20":0,"21":3,"22":3,"23":3,"24":3,"25":3,"26":3,"27":3},"f":{"0":0,"1":0,"2":0,"3":0,"4":0,"5":0},"b":{}}
,"/usr/src/app/src/controllers/BaseController.ts": {"path":"/usr/src/app/src/controllers/BaseController.ts","statementMap":{"0":{"start":{"line":2,"column":0},"end":{"line":2,"column":39}},"1":{"start":{"line":5,"column":0},"end":{"line":20,"column":null}},"2":{"start":{"line":8,"column":8},"end":{"line":18,"column":11}},"3":{"start":{"line":9,"column":12},"end":{"line":17,"column":15}},"4":{"start":{"line":11,"column":16},"end":{"line":14,"column":null}},"5":{"start":{"line":13,"column":20},"end":{"line":13,"column":55}},"6":{"start":{"line":16,"column":16},"end":{"line":16,"column":34}},"7":{"start":{"line":5,"column":6},"end":{"line":20,"column":null}},"8":{"start":{"line":22,"column":0},"end":{"line":22,"column":30}}},"fnMap":{"0":{"name":"(anonymous_1)","decl":{"start":{"line":7,"column":14},"end":{"line":7,"column":20}},"loc":{"start":{"line":7,"column":87},"end":{"line":19,"column":5}}},"1":{"name":"(anonymous_2)","decl":{"start":{"line":8,"column":35},"end":{"line":8,"column":36}},"loc":{"start":{"line":8,"column":55},"end":{"line":18,"column":9}}},"2":{"name":"(anonymous_3)","decl":{"start":{"line":9,"column":55},"end":{"line":9,"column":56}},"loc":{"start":{"line":9,"column":73},"end":{"line":17,"column":13}}}},"branchMap":{"0":{"loc":{"start":{"line":7,"column":65},"end":{"line":7,"column":67}},"type":"default-arg","locations":[{"start":{"line":7,"column":65},"end":{"line":7,"column":67}}]},"1":{"loc":{"start":{"line":7,"column":84},"end":{"line":7,"column":87}},"type":"default-arg","locations":[{"start":{"line":7,"column":84},"end":{"line":7,"column":87}}]},"2":{"loc":{"start":{"line":11,"column":16},"end":{"line":14,"column":null}},"type":"if","locations":[{"start":{"line":11,"column":16},"end":{"line":14,"column":null}},{"start":{"line":11,"column":16},"end":{"line":14,"column":null}}]}},"s":{"0":3,"1":3,"2":0,"3":0,"4":0,"5":0,"6":0,"7":3,"8":3},"f":{"0":0,"1":0,"2":0},"b":{"0":[0],"1":[0],"2":[0,0]}}
,"/usr/src/app/src/entity/Account.ts": {"path":"/usr/src/app/src/entity/Account.ts","statementMap":{"0":{"start":{"line":1,"column":0},"end":{"line":1,"column":87}},"1":{"start":{"line":2,"column":0},"end":{"line":2,"column":39}},"2":{"start":{"line":3,"column":0},"end":{"line":3,"column":26}},"3":{"start":{"line":7,"column":0},"end":{"line":33,"column":null}},"4":{"start":{"line":10,"column":4},"end":{"line":10,"column":null}},"5":{"start":{"line":13,"column":4},"end":{"line":13,"column":null}},"6":{"start":{"line":16,"column":4},"end":{"line":16,"column":null}},"7":{"start":{"line":19,"column":4},"end":{"line":19,"column":null}},"8":{"start":{"line":22,"column":4},"end":{"line":22,"column":null}},"9":{"start":{"line":25,"column":4},"end":{"line":25,"column":null}},"10":{"start":{"line":28,"column":4},"end":{"line":28,"column":null}},"11":{"start":{"line":32,"column":4},"end":{"line":32,"column":null}},"12":{"start":{"line":30,"column":23},"end":{"line":30,"column":27}},"13":{"start":{"line":30,"column":37},"end":{"line":30,"column":50}},"14":{"start":{"line":7,"column":21},"end":{"line":33,"column":null}},"15":{"start":{"line":7,"column":21},"end":{"line":7,"column":null}}},"fnMap":{"0":{"name":"(anonymous_3)","decl":{"start":{"line":30,"column":15},"end":{"line":30,"column":19}},"loc":{"start":{"line":30,"column":23},"end":{"line":30,"column":27}}},"1":{"name":"(anonymous_4)","decl":{"start":{"line":30,"column":29},"end":{"line":30,"column":33}},"loc":{"start":{"line":30,"column":37},"end":{"line":30,"column":50}}}},"branchMap":{},"s":{"0":3,"1":3,"2":3,"3":3,"4":3,"5":3,"6":3,"7":3,"8":3,"9":3,"10":3,"11":3,"12":3,"13":3,"14":3,"15":3},"f":{"0":3,"1":3},"b":{}}
,"/usr/src/app/src/entity/ApiKey.ts": {"path":"/usr/src/app/src/entity/ApiKey.ts","statementMap":{"0":{"start":{"line":1,"column":0},"end":{"line":1,"column":87}},"1":{"start":{"line":2,"column":0},"end":{"line":2,"column":39}},"2":{"start":{"line":3,"column":0},"end":{"line":3,"column":26}},"3":{"start":{"line":7,"column":0},"end":{"line":27,"column":null}},"4":{"start":{"line":10,"column":4},"end":{"line":10,"column":null}},"5":{"start":{"line":13,"column":4},"end":{"line":13,"column":null}},"6":{"start":{"line":16,"column":4},"end":{"line":16,"column":null}},"7":{"start":{"line":19,"column":4},"end":{"line":19,"column":null}},"8":{"start":{"line":22,"column":4},"end":{"line":22,"column":null}},"9":{"start":{"line":26,"column":4},"end":{"line":26,"column":null}},"10":{"start":{"line":24,"column":23},"end":{"line":24,"column":27}},"11":{"start":{"line":24,"column":37},"end":{"line":24,"column":49}},"12":{"start":{"line":7,"column":21},"end":{"line":27,"column":null}},"13":{"start":{"line":7,"column":21},"end":{"line":7,"column":null}}},"fnMap":{"0":{"name":"(anonymous_3)","decl":{"start":{"line":24,"column":15},"end":{"line":24,"column":19}},"loc":{"start":{"line":24,"column":23},"end":{"line":24,"column":27}}},"1":{"name":"(anonymous_4)","decl":{"start":{"line":24,"column":29},"end":{"line":24,"column":33}},"loc":{"start":{"line":24,"column":37},"end":{"line":24,"column":49}}}},"branchMap":{},"s":{"0":3,"1":3,"2":3,"3":3,"4":3,"5":3,"6":3,"7":3,"8":3,"9":3,"10":3,"11":3,"12":3,"13":3},"f":{"0":3,"1":3},"b":{}}
,"/usr/src/app/src/entity/User.ts": {"path":"/usr/src/app/src/entity/User.ts","statementMap":{"0":{"start":{"line":1,"column":0},"end":{"line":1,"column":74}},"1":{"start":{"line":2,"column":0},"end":{"line":2,"column":39}},"2":{"start":{"line":3,"column":0},"end":{"line":3,"column":30}},"3":{"start":{"line":4,"column":0},"end":{"line":4,"column":32}},"4":{"start":{"line":5,"column":0},"end":{"line":5,"column":30}},"5":{"start":{"line":9,"column":0},"end":{"line":30,"column":null}},"6":{"start":{"line":28,"column":8},"end":{"line":28,"column":59}},"7":{"start":{"line":12,"column":4},"end":{"line":12,"column":null}},"8":{"start":{"line":15,"column":4},"end":{"line":15,"column":null}},"9":{"start":{"line":18,"column":4},"end":{"line":18,"column":null}},"10":{"start":{"line":21,"column":4},"end":{"line":21,"column":null}},"11":{"start":{"line":20,"column":23},"end":{"line":20,"column":30}},"12":{"start":{"line":20,"column":43},"end":{"line":20,"column":55}},"13":{"start":{"line":24,"column":4},"end":{"line":24,"column":null}},"14":{"start":{"line":23,"column":23},"end":{"line":23,"column":29}},"15":{"start":{"line":23,"column":42},"end":{"line":23,"column":54}},"16":{"start":{"line":9,"column":21},"end":{"line":30,"column":null}},"17":{"start":{"line":9,"column":21},"end":{"line":9,"column":null}}},"fnMap":{"0":{"name":"(anonymous_10)","decl":{"start":{"line":26,"column":17},"end":{"line":26,"column":33}},"loc":{"start":{"line":26,"column":50},"end":{"line":29,"column":null}}},"1":{"name":"(anonymous_12)","decl":{"start":{"line":20,"column":15},"end":{"line":20,"column":19}},"loc":{"start":{"line":20,"column":23},"end":{"line":20,"column":30}}},"2":{"name":"(anonymous_13)","decl":{"start":{"line":20,"column":32},"end":{"line":20,"column":39}},"loc":{"start":{"line":20,"column":43},"end":{"line":20,"column":55}}},"3":{"name":"(anonymous_14)","decl":{"start":{"line":23,"column":15},"end":{"line":23,"column":19}},"loc":{"start":{"line":23,"column":23},"end":{"line":23,"column":29}}},"4":{"name":"(anonymous_15)","decl":{"start":{"line":23,"column":31},"end":{"line":23,"column":38}},"loc":{"start":{"line":23,"column":42},"end":{"line":23,"column":54}}}},"branchMap":{},"s":{"0":3,"1":3,"2":3,"3":3,"4":3,"5":3,"6":0,"7":3,"8":3,"9":3,"10":3,"11":3,"12":3,"13":3,"14":3,"15":3,"16":3,"17":3},"f":{"0":0,"1":3,"2":3,"3":3,"4":3},"b":{}}
,"/usr/src/app/src/errors/Exception.ts": {"path":"/usr/src/app/src/errors/Exception.ts","statementMap":{"0":{"start":{"line":7,"column":8},"end":{"line":7,"column":16}},"1":{"start":{"line":9,"column":8},"end":{"line":9,"column":39}},"2":{"start":{"line":11,"column":8},"end":{"line":11,"column":42}},"3":{"start":{"line":13,"column":8},"end":{"line":14,"column":54}},"4":{"start":{"line":16,"column":8},"end":{"line":16,"column":29}},"5":{"start":{"line":18,"column":8},"end":{"line":18,"column":36}},"6":{"start":{"line":1,"column":0},"end":{"line":1,"column":21}}},"fnMap":{"0":{"name":"(anonymous_0)","decl":{"start":{"line":6,"column":4},"end":{"line":6,"column":16}},"loc":{"start":{"line":6,"column":73},"end":{"line":19,"column":5}}}},"branchMap":{"0":{"loc":{"start":{"line":6,"column":50},"end":{"line":6,"column":53}},"type":"default-arg","locations":[{"start":{"line":6,"column":50},"end":{"line":6,"column":53}}]},"1":{"loc":{"start":{"line":6,"column":69},"end":{"line":6,"column":73}},"type":"default-arg","locations":[{"start":{"line":6,"column":69},"end":{"line":6,"column":73}}]},"2":{"loc":{"start":{"line":13,"column":23},"end":{"line":13,"column":30}},"type":"binary-expr","locations":[{"start":{"line":13,"column":23},"end":{"line":13,"column":30}},{"start":{"line":14,"column":12},"end":{"line":14,"column":53}}]},"3":{"loc":{"start":{"line":18,"column":22},"end":{"line":18,"column":28}},"type":"binary-expr","locations":[{"start":{"line":18,"column":22},"end":{"line":18,"column":28}},{"start":{"line":18,"column":32},"end":{"line":18,"column":35}}]}},"s":{"0":7,"1":7,"2":7,"3":7,"4":7,"5":7,"6":4},"f":{"0":7},"b":{"0":[5],"1":[7],"2":[7,0],"3":[7,0]}}
,"/usr/src/app/src/filters/AccountFilter.ts": {"path":"/usr/src/app/src/filters/AccountFilter.ts","statementMap":{"0":{"start":{"line":1,"column":0},"end":{"line":1,"column":39}},"1":{"start":{"line":3,"column":0},"end":{"line":3,"column":54}},"2":{"start":{"line":6,"column":0},"end":{"line":31,"column":null}},"3":{"start":{"line":8,"column":14},"end":{"line":10,"column":6}},"4":{"start":{"line":14,"column":33},"end":{"line":14,"column":35}},"5":{"start":{"line":16,"column":8},"end":{"line":20,"column":null}},"6":{"start":{"line":17,"column":12},"end":{"line":19,"column":null}},"7":{"start":{"line":18,"column":16},"end":{"line":18,"column":56}},"8":{"start":{"line":22,"column":8},"end":{"line":22,"column":29}},"9":{"start":{"line":27,"column":8},"end":{"line":27,"column":25}},"10":{"start":{"line":27,"column":18},"end":{"line":27,"column":25}},"11":{"start":{"line":29,"column":8},"end":{"line":29,"column":53}},"12":{"start":{"line":6,"column":21},"end":{"line":31,"column":null}},"13":{"start":{"line":6,"column":21},"end":{"line":6,"column":35}}},"fnMap":{"0":{"name":"(anonymous_2)","decl":{"start":{"line":6,"column":0},"end":{"line":6,"column":21}},"loc":{"start":{"line":6,"column":0},"end":{"line":31,"column":1}}},"1":{"name":"(anonymous_3)","decl":{"start":{"line":12,"column":11},"end":{"line":12,"column":23}},"loc":{"start":{"line":12,"column":36},"end":{"line":23,"column":5}}},"2":{"name":"(anonymous_4)","decl":{"start":{"line":25,"column":11},"end":{"line":25,"column":15}},"loc":{"start":{"line":25,"column":33},"end":{"line":30,"column":5}}}},"branchMap":{"0":{"loc":{"start":{"line":17,"column":12},"end":{"line":19,"column":null}},"type":"if","locations":[{"start":{"line":17,"column":12},"end":{"line":19,"column":null}},{"start":{"line":17,"column":12},"end":{"line":19,"column":null}}]},"1":{"loc":{"start":{"line":25,"column":28},"end":{"line":25,"column":33}},"type":"default-arg","locations":[{"start":{"line":25,"column":28},"end":{"line":25,"column":33}}]},"2":{"loc":{"start":{"line":27,"column":8},"end":{"line":27,"column":25}},"type":"if","locations":[{"start":{"line":27,"column":8},"end":{"line":27,"column":25}},{"start":{"line":27,"column":8},"end":{"line":27,"column":25}}]}},"s":{"0":3,"1":3,"2":3,"3":0,"4":0,"5":0,"6":0,"7":0,"8":0,"9":0,"10":0,"11":0,"12":3,"13":3},"f":{"0":0,"1":0,"2":0},"b":{"0":[0,0],"1":[0],"2":[0,0]}}
,"/usr/src/app/src/middlewares/authenticated.ts": {"path":"/usr/src/app/src/middlewares/authenticated.ts","statementMap":{"0":{"start":{"line":3,"column":0},"end":{"line":9,"column":null}},"1":{"start":{"line":3,"column":73},"end":{"line":9,"column":null}},"2":{"start":{"line":4,"column":4},"end":{"line":6,"column":null}},"3":{"start":{"line":5,"column":8},"end":{"line":5,"column":38}},"4":{"start":{"line":8,"column":4},"end":{"line":8,"column":18}}},"fnMap":{"0":{"name":"(anonymous_7)","decl":{"start":{"line":3,"column":15},"end":{"line":3,"column":22}},"loc":{"start":{"line":3,"column":73},"end":{"line":9,"column":null}}},"1":{"name":"(anonymous_8)","decl":{"start":{"line":3,"column":73},"end":{"line":3,"column":null}},"loc":{"start":{"line":3,"column":73},"end":{"line":9,"column":1}}}},"branchMap":{"0":{"loc":{"start":{"line":4,"column":4},"end":{"line":6,"column":null}},"type":"if","locations":[{"start":{"line":4,"column":4},"end":{"line":6,"column":null}},{"start":{"line":4,"column":4},"end":{"line":6,"column":null}}]}},"s":{"0":3,"1":0,"2":0,"3":0,"4":0},"f":{"0":0,"1":0},"b":{"0":[0,0]}}
,"/usr/src/app/src/middlewares/guest.ts": {"path":"/usr/src/app/src/middlewares/guest.ts","statementMap":{"0":{"start":{"line":3,"column":0},"end":{"line":9,"column":null}},"1":{"start":{"line":3,"column":73},"end":{"line":9,"column":null}},"2":{"start":{"line":4,"column":4},"end":{"line":6,"column":null}},"3":{"start":{"line":5,"column":8},"end":{"line":5,"column":33}},"4":{"start":{"line":8,"column":4},"end":{"line":8,"column":18}}},"fnMap":{"0":{"name":"(anonymous_7)","decl":{"start":{"line":3,"column":15},"end":{"line":3,"column":22}},"loc":{"start":{"line":3,"column":73},"end":{"line":9,"column":null}}},"1":{"name":"(anonymous_8)","decl":{"start":{"line":3,"column":73},"end":{"line":3,"column":null}},"loc":{"start":{"line":3,"column":73},"end":{"line":9,"column":1}}}},"branchMap":{"0":{"loc":{"start":{"line":4,"column":4},"end":{"line":6,"column":null}},"type":"if","locations":[{"start":{"line":4,"column":4},"end":{"line":6,"column":null}},{"start":{"line":4,"column":4},"end":{"line":6,"column":null}}]}},"s":{"0":3,"1":0,"2":0,"3":0,"4":0},"f":{"0":0,"1":0},"b":{"0":[0,0]}}
,"/usr/src/app/src/repositories/AccountRepository.ts": {"path":"/usr/src/app/src/repositories/AccountRepository.ts","statementMap":{"0":{"start":{"line":1,"column":0},"end":{"line":1,"column":52}},"1":{"start":{"line":2,"column":0},"end":{"line":2,"column":40}},"2":{"start":{"line":3,"column":0},"end":{"line":3,"column":38}},"3":{"start":{"line":6,"column":0},"end":{"line":21,"column":null}},"4":{"start":{"line":10,"column":8},"end":{"line":12,"column":null}},"5":{"start":{"line":11,"column":12},"end":{"line":11,"column":49}},"6":{"start":{"line":14,"column":8},"end":{"line":19,"column":23}},"7":{"start":{"line":16,"column":16},"end":{"line":17,"column":43}},"8":{"start":{"line":6,"column":21},"end":{"line":21,"column":null}},"9":{"start":{"line":6,"column":21},"end":{"line":6,"column":39}}},"fnMap":{"0":{"name":"(anonymous_2)","decl":{"start":{"line":8,"column":11},"end":{"line":8,"column":30}},"loc":{"start":{"line":8,"column":46},"end":{"line":20,"column":5}}},"1":{"name":"(anonymous_3)","decl":{"start":{"line":15,"column":35},"end":{"line":15,"column":37}},"loc":{"start":{"line":15,"column":40},"end":{"line":18,"column":13}}}},"branchMap":{"0":{"loc":{"start":{"line":10,"column":8},"end":{"line":12,"column":null}},"type":"if","locations":[{"start":{"line":10,"column":8},"end":{"line":12,"column":null}},{"start":{"line":10,"column":8},"end":{"line":12,"column":null}}]}},"s":{"0":3,"1":3,"2":3,"3":3,"4":0,"5":0,"6":0,"7":0,"8":3,"9":3},"f":{"0":0,"1":0},"b":{"0":[0,0]}}
,"/usr/src/app/src/repositories/Repository.ts": {"path":"/usr/src/app/src/repositories/Repository.ts","statementMap":{"0":{"start":{"line":1,"column":0},"end":{"line":1,"column":75}},"1":{"start":{"line":11,"column":18},"end":{"line":11,"column":43}},"2":{"start":{"line":13,"column":8},"end":{"line":13,"column":42}},"3":{"start":{"line":15,"column":8},"end":{"line":15,"column":20}},"4":{"start":{"line":19,"column":0},"end":{"line":19,"column":26}}},"fnMap":{"0":{"name":"(anonymous_0)","decl":{"start":{"line":9,"column":11},"end":{"line":9,"column":17}},"loc":{"start":{"line":9,"column":45},"end":{"line":16,"column":5}}}},"branchMap":{},"s":{"0":3,"1":0,"2":0,"3":0,"4":3},"f":{"0":0},"b":{}}
,"/usr/src/app/src/requests/LoginRequest.ts": {"path":"/usr/src/app/src/requests/LoginRequest.ts","statementMap":{"0":{"start":{"line":1,"column":0},"end":{"line":1,"column":60}},"1":{"start":{"line":9,"column":8},"end":{"line":14,"column":null}},"2":{"start":{"line":18,"column":0},"end":{"line":18,"column":43}}},"fnMap":{"0":{"name":"(anonymous_1)","decl":{"start":{"line":7,"column":14},"end":{"line":7,"column":19}},"loc":{"start":{"line":7,"column":32},"end":{"line":15,"column":5}}}},"branchMap":{},"s":{"0":3,"1":0,"2":3},"f":{"0":0},"b":{}}
,"/usr/src/app/src/requests/RegisterRequest.ts": {"path":"/usr/src/app/src/requests/RegisterRequest.ts","statementMap":{"0":{"start":{"line":1,"column":0},"end":{"line":1,"column":60}},"1":{"start":{"line":9,"column":29},"end":{"line":12,"column":10}},"2":{"start":{"line":14,"column":8},"end":{"line":19,"column":null}},"3":{"start":{"line":23,"column":0},"end":{"line":23,"column":46}}},"fnMap":{"0":{"name":"(anonymous_1)","decl":{"start":{"line":7,"column":14},"end":{"line":7,"column":19}},"loc":{"start":{"line":7,"column":32},"end":{"line":20,"column":5}}}},"branchMap":{},"s":{"0":3,"1":0,"2":0,"3":3},"f":{"0":0},"b":{}}
,"/usr/src/app/src/requests/UpsertAccountRequest.ts": {"path":"/usr/src/app/src/requests/UpsertAccountRequest.ts","statementMap":{"0":{"start":{"line":1,"column":0},"end":{"line":1,"column":60}},"1":{"start":{"line":10,"column":8},"end":{"line":18,"column":null}},"2":{"start":{"line":22,"column":0},"end":{"line":22,"column":51}}},"fnMap":{"0":{"name":"(anonymous_1)","decl":{"start":{"line":7,"column":14},"end":{"line":7,"column":19}},"loc":{"start":{"line":7,"column":32},"end":{"line":19,"column":5}}}},"branchMap":{},"s":{"0":3,"1":0,"2":3},"f":{"0":0},"b":{}}
,"/usr/src/app/src/services/Auth.ts": {"path":"/usr/src/app/src/services/Auth.ts","statementMap":{"0":{"start":{"line":1,"column":0},"end":{"line":1,"column":59}},"1":{"start":{"line":2,"column":0},"end":{"line":2,"column":34}},"2":{"start":{"line":3,"column":0},"end":{"line":3,"column":35}},"3":{"start":{"line":4,"column":0},"end":{"line":4,"column":49}},"4":{"start":{"line":5,"column":0},"end":{"line":5,"column":30}},"5":{"start":{"line":6,"column":0},"end":{"line":6,"column":44}},"6":{"start":{"line":8,"column":0},"end":{"line":92,"column":null}},"7":{"start":{"line":18,"column":8},"end":{"line":18,"column":31}},"8":{"start":{"line":19,"column":8},"end":{"line":19,"column":25}},"9":{"start":{"line":20,"column":8},"end":{"line":20,"column":58}},"10":{"start":{"line":25,"column":8},"end":{"line":55,"column":11}},"11":{"start":{"line":29,"column":48},"end":{"line":55,"column":10}},"12":{"start":{"line":31,"column":28},"end":{"line":46,"column":14}},"13":{"start":{"line":31,"column":59},"end":{"line":46,"column":14}},"14":{"start":{"line":33,"column":29},"end":{"line":33,"column":80}},"15":{"start":{"line":35,"column":16},"end":{"line":45,"column":null}},"16":{"start":{"line":36,"column":20},"end":{"line":36,"column":74}},"17":{"start":{"line":38,"column":34},"end":{"line":38,"column":71}},"18":{"start":{"line":40,"column":20},"end":{"line":42,"column":null}},"19":{"start":{"line":41,"column":24},"end":{"line":41,"column":78}},"20":{"start":{"line":44,"column":20},"end":{"line":44,"column":30}},"21":{"start":{"line":48,"column":12},"end":{"line":54,"column":19}},"22":{"start":{"line":50,"column":20},"end":{"line":50,"column":41}},"23":{"start":{"line":53,"column":20},"end":{"line":53,"column":67}},"24":{"start":{"line":60,"column":8},"end":{"line":90,"column":11}},"25":{"start":{"line":66,"column":32},"end":{"line":80,"column":18}},"26":{"start":{"line":66,"column":63},"end":{"line":80,"column":18}},"27":{"start":{"line":67,"column":33},"end":{"line":67,"column":55}},"28":{"start":{"line":68,"column":33},"end":{"line":68,"column":64}},"29":{"start":{"line":70,"column":20},"end":{"line":70,"column":44}},"30":{"start":{"line":71,"column":20},"end":{"line":71,"column":46}},"31":{"start":{"line":73,"column":20},"end":{"line":77,"column":null}},"32":{"start":{"line":74,"column":24},"end":{"line":74,"column":78}},"33":{"start":{"line":76,"column":24},"end":{"line":76,"column":42}},"34":{"start":{"line":79,"column":20},"end":{"line":79,"column":42}},"35":{"start":{"line":82,"column":16},"end":{"line":89,"column":23}},"36":{"start":{"line":85,"column":24},"end":{"line":85,"column":45}},"37":{"start":{"line":88,"column":24},"end":{"line":88,"column":71}},"38":{"start":{"line":8,"column":6},"end":{"line":92,"column":null}},"39":{"start":{"line":94,"column":0},"end":{"line":94,"column":20}}},"fnMap":{"0":{"name":"(anonymous_12)","decl":{"start":{"line":14,"column":4},"end":{"line":14,"column":null}},"loc":{"start":{"line":16,"column":46},"end":{"line":21,"column":5}}},"1":{"name":"(anonymous_13)","decl":{"start":{"line":23,"column":11},"end":{"line":23,"column":16}},"loc":{"start":{"line":23,"column":16},"end":{"line":56,"column":5}}},"2":{"name":"(anonymous_14)","decl":{"start":{"line":29,"column":11},"end":{"line":29,"column":18}},"loc":{"start":{"line":29,"column":48},"end":{"line":55,"column":10}}},"3":{"name":"(anonymous_15)","decl":{"start":{"line":29,"column":48},"end":{"line":29,"column":null}},"loc":{"start":{"line":29,"column":48},"end":{"line":55,"column":9}}},"4":{"name":"(anonymous_16)","decl":{"start":{"line":31,"column":40},"end":{"line":31,"column":47}},"loc":{"start":{"line":31,"column":59},"end":{"line":46,"column":14}}},"5":{"name":"(anonymous_17)","decl":{"start":{"line":31,"column":59},"end":{"line":31,"column":null}},"loc":{"start":{"line":31,"column":59},"end":{"line":46,"column":13}}},"6":{"name":"(anonymous_18)","decl":{"start":{"line":49,"column":22},"end":{"line":49,"column":31}},"loc":{"start":{"line":49,"column":34},"end":{"line":51,"column":17}}},"7":{"name":"(anonymous_19)","decl":{"start":{"line":52,"column":23},"end":{"line":52,"column":31}},"loc":{"start":{"line":52,"column":34},"end":{"line":54,"column":17}}},"8":{"name":"(anonymous_20)","decl":{"start":{"line":58,"column":11},"end":{"line":58,"column":19}},"loc":{"start":{"line":58,"column":19},"end":{"line":91,"column":5}}},"9":{"name":"(anonymous_21)","decl":{"start":{"line":64,"column":15},"end":{"line":64,"column":16}},"loc":{"start":{"line":64,"column":46},"end":{"line":90,"column":9}}},"10":{"name":"(anonymous_22)","decl":{"start":{"line":66,"column":44},"end":{"line":66,"column":51}},"loc":{"start":{"line":66,"column":63},"end":{"line":80,"column":18}}},"11":{"name":"(anonymous_23)","decl":{"start":{"line":66,"column":63},"end":{"line":66,"column":null}},"loc":{"start":{"line":66,"column":63},"end":{"line":80,"column":17}}},"12":{"name":"(anonymous_24)","decl":{"start":{"line":83,"column":26},"end":{"line":83,"column":35}},"loc":{"start":{"line":83,"column":38},"end":{"line":86,"column":21}}},"13":{"name":"(anonymous_25)","decl":{"start":{"line":87,"column":27},"end":{"line":87,"column":35}},"loc":{"start":{"line":87,"column":38},"end":{"line":89,"column":21}}}},"branchMap":{"0":{"loc":{"start":{"line":35,"column":16},"end":{"line":45,"column":null}},"type":"if","locations":[{"start":{"line":35,"column":16},"end":{"line":45,"column":null}},{"start":{"line":35,"column":16},"end":{"line":45,"column":null}}]},"1":{"loc":{"start":{"line":40,"column":20},"end":{"line":42,"column":null}},"type":"if","locations":[{"start":{"line":40,"column":20},"end":{"line":42,"column":null}},{"start":{"line":40,"column":20},"end":{"line":42,"column":null}}]}},"s":{"0":3,"1":3,"2":3,"3":3,"4":3,"5":3,"6":3,"7":0,"8":0,"9":0,"10":0,"11":0,"12":0,"13":0,"14":0,"15":0,"16":0,"17":0,"18":0,"19":0,"20":0,"21":0,"22":0,"23":0,"24":0,"25":0,"26":0,"27":0,"28":0,"29":0,"30":0,"31":0,"32":0,"33":0,"34":0,"35":0,"36":0,"37":0,"38":3,"39":3},"f":{"0":0,"1":0,"2":0,"3":0,"4":0,"5":0,"6":0,"7":0,"8":0,"9":0,"10":0,"11":0,"12":0,"13":0},"b":{"0":[0,0],"1":[0,0]}}
,"/usr/src/app/src/services/ServiceProvider.ts": {"path":"/usr/src/app/src/services/ServiceProvider.ts","statementMap":{"0":{"start":{"line":1,"column":0},"end":{"line":1,"column":60}},"1":{"start":{"line":2,"column":0},"end":{"line":2,"column":26}},"2":{"start":{"line":3,"column":0},"end":{"line":3,"column":24}},"3":{"start":{"line":4,"column":0},"end":{"line":4,"column":39}},"4":{"start":{"line":5,"column":0},"end":{"line":5,"column":42}},"5":{"start":{"line":6,"column":0},"end":{"line":6,"column":41}},"6":{"start":{"line":7,"column":0},"end":{"line":7,"column":38}},"7":{"start":{"line":8,"column":0},"end":{"line":8,"column":55}},"8":{"start":{"line":9,"column":0},"end":{"line":9,"column":34}},"9":{"start":{"line":10,"column":0},"end":{"line":10,"column":40}},"10":{"start":{"line":11,"column":0},"end":{"line":11,"column":38}},"11":{"start":{"line":12,"column":0},"end":{"line":12,"column":26}},"12":{"start":{"line":13,"column":0},"end":{"line":13,"column":74}},"13":{"start":{"line":14,"column":0},"end":{"line":14,"column":53}},"14":{"start":{"line":15,"column":0},"end":{"line":15,"column":76}},"15":{"start":{"line":17,"column":0},"end":{"line":17,"column":35}},"16":{"start":{"line":41,"column":11},"end":{"line":44,"column":null}},"17":{"start":{"line":43,"column":8},"end":{"line":43,"column":30}},"18":{"start":{"line":46,"column":14},"end":{"line":73,"column":6}},"19":{"start":{"line":46,"column":36},"end":{"line":73,"column":6}},"20":{"start":{"line":47,"column":27},"end":{"line":47,"column":31}},"21":{"start":{"line":49,"column":8},"end":{"line":51,"column":null}},"22":{"start":{"line":50,"column":12},"end":{"line":50,"column":49}},"23":{"start":{"line":53,"column":25},"end":{"line":62,"column":10}},"24":{"start":{"line":64,"column":8},"end":{"line":66,"column":39}},"25":{"start":{"line":68,"column":27},"end":{"line":68,"column":51}},"26":{"start":{"line":70,"column":8},"end":{"line":72,"column":41}},"27":{"start":{"line":81,"column":14},"end":{"line":116,"column":6}},"28":{"start":{"line":81,"column":36},"end":{"line":116,"column":6}},"29":{"start":{"line":83,"column":8},"end":{"line":85,"column":22}},"30":{"start":{"line":87,"column":8},"end":{"line":89,"column":25}},"31":{"start":{"line":91,"column":8},"end":{"line":93,"column":24}},"32":{"start":{"line":95,"column":8},"end":{"line":97,"column":39}},"33":{"start":{"line":99,"column":8},"end":{"line":101,"column":31}},"34":{"start":{"line":103,"column":8},"end":{"line":105,"column":40}},"35":{"start":{"line":107,"column":8},"end":{"line":115,"column":30}},"36":{"start":{"line":110,"column":16},"end":{"line":113,"column":18}},"37":{"start":{"line":26,"column":8},"end":{"line":26,"column":39}},"38":{"start":{"line":19,"column":0},"end":{"line":19,"column":21}},"39":{"start":{"line":29,"column":18},"end":{"line":39,"column":null}},"40":{"start":{"line":29,"column":61},"end":{"line":39,"column":null}},"41":{"start":{"line":30,"column":8},"end":{"line":36,"column":null}},"42":{"start":{"line":31,"column":12},"end":{"line":31,"column":59}},"43":{"start":{"line":33,"column":12},"end":{"line":33,"column":54}},"44":{"start":{"line":35,"column":12},"end":{"line":35,"column":54}},"45":{"start":{"line":38,"column":8},"end":{"line":38,"column":40}}},"fnMap":{"0":{"name":"(anonymous_8)","decl":{"start":{"line":25,"column":4},"end":{"line":25,"column":null}},"loc":{"start":{"line":25,"column":4},"end":{"line":27,"column":5}}},"1":{"name":"(anonymous_9)","decl":{"start":{"line":41,"column":26},"end":{"line":41,"column":40}},"loc":{"start":{"line":41,"column":42},"end":{"line":44,"column":5}}},"2":{"name":"(anonymous_10)","decl":{"start":{"line":46,"column":25},"end":{"line":46,"column":34}},"loc":{"start":{"line":46,"column":36},"end":{"line":73,"column":6}}},"3":{"name":"(anonymous_11)","decl":{"start":{"line":46,"column":36},"end":{"line":46,"column":null}},"loc":{"start":{"line":46,"column":36},"end":{"line":73,"column":5}}},"4":{"name":"(anonymous_12)","decl":{"start":{"line":81,"column":25},"end":{"line":81,"column":34}},"loc":{"start":{"line":81,"column":36},"end":{"line":116,"column":6}}},"5":{"name":"(anonymous_13)","decl":{"start":{"line":81,"column":36},"end":{"line":81,"column":null}},"loc":{"start":{"line":81,"column":36},"end":{"line":116,"column":5}}},"6":{"name":"(anonymous_14)","decl":{"start":{"line":109,"column":28},"end":{"line":109,"column":38}},"loc":{"start":{"line":109,"column":40},"end":{"line":114,"column":13}}},"7":{"name":"(anonymous_15)","decl":{"start":{"line":29,"column":24},"end":{"line":29,"column":59}},"loc":{"start":{"line":29,"column":61},"end":{"line":39,"column":null}}},"8":{"name":"(anonymous_16)","decl":{"start":{"line":29,"column":61},"end":{"line":29,"column":null}},"loc":{"start":{"line":29,"column":61},"end":{"line":39,"column":5}}}},"branchMap":{"0":{"loc":{"start":{"line":49,"column":8},"end":{"line":51,"column":null}},"type":"if","locations":[{"start":{"line":49,"column":8},"end":{"line":51,"column":null}},{"start":{"line":49,"column":8},"end":{"line":51,"column":null}}]},"1":{"loc":{"start":{"line":30,"column":8},"end":{"line":36,"column":null}},"type":"if","locations":[{"start":{"line":30,"column":8},"end":{"line":36,"column":null}},{"start":{"line":30,"column":8},"end":{"line":36,"column":null}}]}},"s":{"0":3,"1":3,"2":3,"3":3,"4":3,"5":3,"6":3,"7":3,"8":3,"9":3,"10":3,"11":3,"12":3,"13":3,"14":3,"15":3,"16":3,"17":12,"18":3,"19":3,"20":3,"21":3,"22":3,"23":3,"24":3,"25":3,"26":3,"27":3,"28":3,"29":3,"30":3,"31":3,"32":3,"33":3,"34":3,"35":3,"36":0,"37":3,"38":3,"39":3,"40":14,"41":14,"42":3,"43":3,"44":3,"45":14},"f":{"0":3,"1":12,"2":3,"3":3,"4":3,"5":3,"6":0,"7":14,"8":14},"b":{"0":[3,0],"1":[3,11]}}
,"/usr/src/app/src/transformers/AccountListTransformer.ts": {"path":"/usr/src/app/src/transformers/AccountListTransformer.ts","statementMap":{"0":{"start":{"line":1,"column":0},"end":{"line":1,"column":39}},"1":{"start":{"line":2,"column":0},"end":{"line":2,"column":64}},"2":{"start":{"line":6,"column":0},"end":{"line":17,"column":null}},"3":{"start":{"line":10,"column":8},"end":{"line":15,"column":10}},"4":{"start":{"line":6,"column":21},"end":{"line":17,"column":null}},"5":{"start":{"line":6,"column":21},"end":{"line":6,"column":44}}},"fnMap":{"0":{"name":"(anonymous_2)","decl":{"start":{"line":8,"column":11},"end":{"line":8,"column":20}},"loc":{"start":{"line":8,"column":34},"end":{"line":16,"column":5}}}},"branchMap":{},"s":{"0":3,"1":3,"2":3,"3":0,"4":3,"5":3},"f":{"0":0},"b":{}}
,"/usr/src/app/src/transformers/ApiKeyListTransformer.ts": {"path":"/usr/src/app/src/transformers/ApiKeyListTransformer.ts","statementMap":{"0":{"start":{"line":1,"column":0},"end":{"line":1,"column":39}},"1":{"start":{"line":2,"column":0},"end":{"line":2,"column":64}},"2":{"start":{"line":6,"column":0},"end":{"line":18,"column":null}},"3":{"start":{"line":10,"column":8},"end":{"line":16,"column":10}},"4":{"start":{"line":6,"column":21},"end":{"line":18,"column":null}},"5":{"start":{"line":6,"column":21},"end":{"line":6,"column":43}}},"fnMap":{"0":{"name":"(anonymous_2)","decl":{"start":{"line":8,"column":11},"end":{"line":8,"column":20}},"loc":{"start":{"line":8,"column":33},"end":{"line":17,"column":5}}}},"branchMap":{"0":{"loc":{"start":{"line":14,"column":16},"end":{"line":14,"column":51}},"type":"cond-expr","locations":[{"start":{"line":14,"column":16},"end":{"line":14,"column":51}},{"start":{"line":15,"column":16},"end":{"line":15,"column":20}}]}},"s":{"0":3,"1":3,"2":3,"3":0,"4":3,"5":3},"f":{"0":0},"b":{"0":[0,0]}}
,"/usr/src/app/src/validators/email.ts": {"path":"/usr/src/app/src/validators/email.ts","statementMap":{"0":{"start":{"line":1,"column":0},"end":{"line":8,"column":null}},"1":{"start":{"line":3,"column":4},"end":{"line":3,"column":49}},"2":{"start":{"line":3,"column":36},"end":{"line":3,"column":49}},"3":{"start":{"line":5,"column":18},"end":{"line":5,"column":171}},"4":{"start":{"line":7,"column":4},"end":{"line":7,"column":53}}},"fnMap":{"0":{"name":"(anonymous_0)","decl":{"start":{"line":1,"column":15},"end":{"line":1,"column":16}},"loc":{"start":{"line":1,"column":32},"end":{"line":8,"column":1}}}},"branchMap":{"0":{"loc":{"start":{"line":3,"column":4},"end":{"line":3,"column":49}},"type":"if","locations":[{"start":{"line":3,"column":4},"end":{"line":3,"column":49}},{"start":{"line":3,"column":4},"end":{"line":3,"column":49}}]}},"s":{"0":4,"1":4,"2":1,"3":3,"4":3},"f":{"0":4},"b":{"0":[1,3]}}
,"/usr/src/app/src/validators/in.ts": {"path":"/usr/src/app/src/validators/in.ts","statementMap":{"0":{"start":{"line":1,"column":0},"end":{"line":7,"column":null}},"1":{"start":{"line":2,"column":4},"end":{"line":2,"column":49}},"2":{"start":{"line":2,"column":36},"end":{"line":2,"column":49}},"3":{"start":{"line":4,"column":20},"end":{"line":4,"column":43}},"4":{"start":{"line":6,"column":4},"end":{"line":6,"column":37}}},"fnMap":{"0":{"name":"(anonymous_0)","decl":{"start":{"line":1,"column":15},"end":{"line":1,"column":16}},"loc":{"start":{"line":1,"column":54},"end":{"line":7,"column":1}}}},"branchMap":{"0":{"loc":{"start":{"line":2,"column":4},"end":{"line":2,"column":49}},"type":"if","locations":[{"start":{"line":2,"column":4},"end":{"line":2,"column":49}},{"start":{"line":2,"column":4},"end":{"line":2,"column":49}}]}},"s":{"0":4,"1":3,"2":1,"3":2,"4":2},"f":{"0":3},"b":{"0":[1,2]}}
,"/usr/src/app/src/validators/max.ts": {"path":"/usr/src/app/src/validators/max.ts","statementMap":{"0":{"start":{"line":1,"column":0},"end":{"line":1,"column":43}},"1":{"start":{"line":4,"column":4},"end":{"line":5,"column":76}},"2":{"start":{"line":4,"column":44},"end":{"line":4,"column":67}},"3":{"start":{"line":5,"column":9},"end":{"line":5,"column":76}},"4":{"start":{"line":5,"column":51},"end":{"line":5,"column":76}},"5":{"start":{"line":7,"column":4},"end":{"line":7,"column":21}},"6":{"start":{"line":10,"column":0},"end":{"line":42,"column":null}},"7":{"start":{"line":11,"column":16},"end":{"line":11,"column":20}},"8":{"start":{"line":13,"column":4},"end":{"line":13,"column":57}},"9":{"start":{"line":13,"column":44},"end":{"line":13,"column":57}},"10":{"start":{"line":15,"column":18},"end":{"line":15,"column":33}},"11":{"start":{"line":17,"column":4},"end":{"line":19,"column":null}},"12":{"start":{"line":18,"column":8},"end":{"line":18,"column":72}},"13":{"start":{"line":21,"column":4},"end":{"line":39,"column":null}},"14":{"start":{"line":23,"column":18},"end":{"line":23,"column":46}},"15":{"start":{"line":25,"column":8},"end":{"line":26,"column":45}},"16":{"start":{"line":25,"column":34},"end":{"line":25,"column":53}},"17":{"start":{"line":26,"column":13},"end":{"line":26,"column":45}},"18":{"start":{"line":28,"column":11},"end":{"line":39,"column":null}},"19":{"start":{"line":30,"column":8},"end":{"line":30,"column":40}},"20":{"start":{"line":32,"column":11},"end":{"line":39,"column":null}},"21":{"start":{"line":34,"column":8},"end":{"line":34,"column":33}},"22":{"start":{"line":38,"column":8},"end":{"line":38,"column":48}},"23":{"start":{"line":41,"column":4},"end":{"line":41,"column":17}}},"fnMap":{"0":{"name":"getNumberFromString","decl":{"start":{"line":3,"column":9},"end":{"line":3,"column":28}},"loc":{"start":{"line":3,"column":42},"end":{"line":8,"column":1}}},"1":{"name":"(anonymous_2)","decl":{"start":{"line":10,"column":15},"end":{"line":10,"column":16}},"loc":{"start":{"line":10,"column":47},"end":{"line":42,"column":1}}}},"branchMap":{"0":{"loc":{"start":{"line":4,"column":4},"end":{"line":5,"column":76}},"type":"if","locations":[{"start":{"line":4,"column":4},"end":{"line":5,"column":76}},{"start":{"line":4,"column":4},"end":{"line":5,"column":76}}]},"1":{"loc":{"start":{"line":5,"column":9},"end":{"line":5,"column":76}},"type":"if","locations":[{"start":{"line":5,"column":9},"end":{"line":5,"column":76}},{"start":{"line":5,"column":9},"end":{"line":5,"column":76}}]},"2":{"loc":{"start":{"line":13,"column":4},"end":{"line":13,"column":57}},"type":"if","locations":[{"start":{"line":13,"column":4},"end":{"line":13,"column":57}},{"start":{"line":13,"column":4},"end":{"line":13,"column":57}}]},"3":{"loc":{"start":{"line":17,"column":4},"end":{"line":19,"column":null}},"type":"if","locations":[{"start":{"line":17,"column":4},"end":{"line":19,"column":null}},{"start":{"line":17,"column":4},"end":{"line":19,"column":null}}]},"4":{"loc":{"start":{"line":21,"column":4},"end":{"line":39,"column":null}},"type":"if","locations":[{"start":{"line":21,"column":4},"end":{"line":39,"column":null}},{"start":{"line":21,"column":4},"end":{"line":39,"column":null}}]},"5":{"loc":{"start":{"line":25,"column":8},"end":{"line":26,"column":45}},"type":"if","locations":[{"start":{"line":25,"column":8},"end":{"line":26,"column":45}},{"start":{"line":25,"column":8},"end":{"line":26,"column":45}}]},"6":{"loc":{"start":{"line":28,"column":11},"end":{"line":39,"column":null}},"type":"if","locations":[{"start":{"line":28,"column":11},"end":{"line":39,"column":null}},{"start":{"line":28,"column":11},"end":{"line":39,"column":null}}]},"7":{"loc":{"start":{"line":32,"column":11},"end":{"line":39,"column":null}},"type":"if","locations":[{"start":{"line":32,"column":11},"end":{"line":39,"column":null}},{"start":{"line":32,"column":11},"end":{"line":39,"column":null}}]}},"s":{"0":4,"1":8,"2":3,"3":5,"4":2,"5":3,"6":4,"7":21,"8":21,"9":2,"10":19,"11":19,"12":1,"13":18,"14":8,"15":8,"16":5,"17":3,"18":10,"19":3,"20":7,"21":5,"22":2,"23":16},"f":{"0":8,"1":21},"b":{"0":[3,5],"1":[2,3],"2":[2,19],"3":[1,18],"4":[8,10],"5":[5,3],"6":[3,7],"7":[5,2]}}
,"/usr/src/app/src/validators/required.ts": {"path":"/usr/src/app/src/validators/required.ts","statementMap":{"0":{"start":{"line":1,"column":0},"end":{"line":4,"column":null}},"1":{"start":{"line":3,"column":4},"end":{"line":3,"column":61}}},"fnMap":{"0":{"name":"(anonymous_0)","decl":{"start":{"line":1,"column":15},"end":{"line":1,"column":16}},"loc":{"start":{"line":1,"column":32},"end":{"line":4,"column":1}}}},"branchMap":{},"s":{"0":4,"1":8},"f":{"0":8},"b":{}}
,"/usr/src/app/src/validators/string.ts": {"path":"/usr/src/app/src/validators/string.ts","statementMap":{"0":{"start":{"line":1,"column":0},"end":{"line":4,"column":null}},"1":{"start":{"line":3,"column":4},"end":{"line":3,"column":39}}},"fnMap":{"0":{"name":"(anonymous_0)","decl":{"start":{"line":1,"column":15},"end":{"line":1,"column":16}},"loc":{"start":{"line":1,"column":32},"end":{"line":4,"column":1}}}},"branchMap":{},"s":{"0":4,"1":2},"f":{"0":2},"b":{}}
,"/usr/src/app/src/validators/unique.ts": {"path":"/usr/src/app/src/validators/unique.ts","statementMap":{"0":{"start":{"line":1,"column":0},"end":{"line":1,"column":34}},"1":{"start":{"line":2,"column":0},"end":{"line":2,"column":44}},"2":{"start":{"line":3,"column":0},"end":{"line":3,"column":39}},"3":{"start":{"line":6,"column":0},"end":{"line":39,"column":null}},"4":{"start":{"line":6,"column":51},"end":{"line":39,"column":null}},"5":{"start":{"line":7,"column":4},"end":{"line":11,"column":null}},"6":{"start":{"line":8,"column":8},"end":{"line":8,"column":36}},"7":{"start":{"line":10,"column":8},"end":{"line":10,"column":54}},"8":{"start":{"line":13,"column":30},"end":{"line":27,"column":6}},"9":{"start":{"line":29,"column":4},"end":{"line":30,"column":54}},"10":{"start":{"line":30,"column":8},"end":{"line":30,"column":54}},"11":{"start":{"line":32,"column":4},"end":{"line":32,"column":49}},"12":{"start":{"line":32,"column":36},"end":{"line":32,"column":49}},"13":{"start":{"line":34,"column":19},"end":{"line":36,"column":16}},"14":{"start":{"line":38,"column":4},"end":{"line":38,"column":33}}},"fnMap":{"0":{"name":"(anonymous_8)","decl":{"start":{"line":6,"column":15},"end":{"line":6,"column":22}},"loc":{"start":{"line":6,"column":51},"end":{"line":39,"column":null}}},"1":{"name":"(anonymous_9)","decl":{"start":{"line":6,"column":51},"end":{"line":6,"column":null}},"loc":{"start":{"line":6,"column":51},"end":{"line":39,"column":1}}}},"branchMap":{"0":{"loc":{"start":{"line":29,"column":4},"end":{"line":30,"column":54}},"type":"if","locations":[{"start":{"line":29,"column":4},"end":{"line":30,"column":54}},{"start":{"line":29,"column":4},"end":{"line":30,"column":54}}]},"1":{"loc":{"start":{"line":32,"column":4},"end":{"line":32,"column":49}},"type":"if","locations":[{"start":{"line":32,"column":4},"end":{"line":32,"column":49}},{"start":{"line":32,"column":4},"end":{"line":32,"column":49}}]},"2":{"loc":{"start":{"line":38,"column":20},"end":{"line":38,"column":25}},"type":"cond-expr","locations":[{"start":{"line":38,"column":20},"end":{"line":38,"column":25}},{"start":{"line":38,"column":28},"end":{"line":38,"column":32}}]}},"s":{"0":3,"1":3,"2":3,"3":3,"4":5,"5":5,"6":5,"7":1,"8":4,"9":4,"10":1,"11":3,"12":1,"13":2,"14":2},"f":{"0":5,"1":5},"b":{"0":[1,3],"1":[1,2],"2":[1,1]}}
}
