TN:
SF:ormconfig.js
FNF:0
FNH:0
DA:1,8
LF:1
LH:1
BRDA:4,0,0,8
BRDA:4,0,1,0
BRDA:11,1,0,0
BRDA:11,1,1,8
BRDA:11,2,0,0
BRDA:11,2,1,8
BRDA:14,3,0,0
BRDA:14,3,1,8
BRDA:14,4,0,0
BRDA:14,4,1,8
BRDA:17,5,0,0
BRDA:17,5,1,8
BRDA:17,6,0,0
BRDA:17,6,1,8
BRF:14
BRH:7
end_of_record
TN:
SF:src/helpers.ts
FN:8,(anonymous_8)
FN:17,(anonymous_9)
FN:23,(anonymous_10)
FN:28,(anonymous_11)
FN:40,(anonymous_12)
FN:40,(anonymous_13)
FN:51,(anonymous_14)
FN:51,(anonymous_15)
FN:60,(anonymous_16)
FN:68,(anonymous_17)
FNF:10
FNH:8
FNDA:4,(anonymous_8)
FNDA:3,(anonymous_9)
FNDA:0,(anonymous_10)
FNDA:0,(anonymous_11)
FNDA:6,(anonymous_12)
FNDA:6,(anonymous_13)
FNDA:3,(anonymous_14)
FNDA:3,(anonymous_15)
FNDA:1,(anonymous_16)
FNDA:6,(anonymous_17)
DA:4,8
DA:6,8
DA:8,8
DA:9,4
DA:11,3
DA:14,1
DA:17,8
DA:18,3
DA:20,3
DA:23,8
DA:25,0
DA:28,8
DA:30,0
DA:32,0
DA:34,0
DA:37,0
DA:40,8
DA:42,6
DA:44,4
DA:46,4
DA:51,8
DA:53,3
DA:55,3
DA:57,1
DA:60,8
DA:61,1
DA:62,1
DA:63,1
DA:64,1
DA:65,1
DA:66,1
DA:68,1
DA:69,6
DA:70,5
DA:73,6
DA:76,1
DA:77,1
DA:78,1
DA:79,1
DA:80,1
DA:81,1
DA:83,1
LF:42
LH:37
BRDA:9,0,0,3
BRDA:9,0,1,1
BRDA:9,1,0,4
BRDA:9,1,1,2
BRDA:9,1,2,2
BRDA:32,2,0,0
BRDA:32,2,1,0
BRDA:42,3,0,2
BRDA:42,3,1,4
BRDA:55,4,0,2
BRDA:55,4,1,1
BRDA:69,5,0,5
BRDA:69,5,1,1
BRF:13
BRH:11
end_of_record
TN:
SF:src/contracts/abstractions/Filter.ts
FN:10,(anonymous_1)
FNF:1
FNH:0
FNDA:0,(anonymous_1)
DA:1,8
DA:6,8
DA:12,0
DA:14,0
DA:16,0
DA:17,0
DA:18,0
DA:22,0
LF:8
LH:2
BRDA:17,0,0,0
BRDA:17,0,1,0
BRF:2
BRH:0
end_of_record
TN:
SF:src/contracts/abstractions/Request.ts
FN:19,(anonymous_8)
FN:140,(anonymous_9)
FN:140,(anonymous_10)
FN:24,(anonymous_11)
FN:36,(anonymous_12)
FN:45,(anonymous_13)
FN:62,(anonymous_14)
FN:84,(anonymous_15)
FN:89,(anonymous_16)
FN:122,(anonymous_18)
FNF:10
FNH:2
FNDA:24,(anonymous_8)
FNDA:0,(anonymous_9)
FNDA:0,(anonymous_10)
FNDA:24,(anonymous_11)
FNDA:0,(anonymous_12)
FNDA:0,(anonymous_13)
FNDA:0,(anonymous_14)
FNDA:0,(anonymous_15)
FNDA:0,(anonymous_16)
FNDA:0,(anonymous_18)
DA:2,8
DA:3,8
DA:4,8
DA:5,8
DA:6,8
DA:7,8
DA:8,8
DA:9,8
DA:12,8
DA:15,8
DA:21,24
DA:26,24
DA:38,0
DA:39,0
DA:40,0
DA:47,0
DA:49,0
DA:51,0
DA:54,0
DA:55,0
DA:58,0
DA:64,0
DA:66,0
DA:68,0
DA:70,0
DA:71,0
DA:72,0
DA:74,0
DA:78,0
DA:86,0
DA:91,0
DA:93,0
DA:95,0
DA:97,0
DA:99,0
DA:101,0
DA:103,0
DA:105,0
DA:108,0
DA:109,0
DA:111,0
DA:112,0
DA:114,0
DA:119,0
DA:124,0
DA:128,0
DA:130,0
DA:132,0
DA:134,0
DA:137,0
DA:140,24
DA:142,0
DA:144,0
DA:146,0
DA:147,0
DA:148,0
DA:149,0
DA:151,0
DA:156,0
DA:159,0
DA:161,0
LF:61
LH:13
BRDA:148,0,0,0
BRDA:148,0,1,0
BRDA:159,1,0,0
BRDA:159,1,1,0
BRDA:39,2,0,0
BRDA:39,2,1,0
BRDA:47,3,0,0
BRDA:47,3,1,0
BRDA:54,4,0,0
BRDA:54,4,1,0
BRDA:58,5,0,0
BRDA:58,5,1,0
BRDA:71,6,0,0
BRDA:71,6,1,0
BRDA:105,7,0,0
BRDA:105,7,1,0
BRDA:108,8,0,0
BRDA:108,8,1,0
BRDA:108,9,0,0
BRDA:108,9,1,0
BRDA:111,10,0,0
BRDA:111,10,1,0
BRDA:112,11,0,0
BRDA:112,11,1,0
BRDA:132,12,0,0
BRDA:132,12,1,0
BRF:26
BRH:0
end_of_record
TN:
SF:src/contracts/abstractions/Transformer.ts
FN:6,(anonymous_1)
FN:10,(anonymous_2)
FNF:2
FNH:0
FNDA:0,(anonymous_1)
FNDA:0,(anonymous_2)
DA:1,8
DA:4,8
DA:8,0
DA:10,0
DA:11,0
DA:16,0
LF:6
LH:2
BRF:0
BRH:0
end_of_record
TN:
SF:src/controllers/AccountController.ts
FN:19,(anonymous_12)
FN:31,(anonymous_13)
FN:48,(anonymous_15)
FN:57,(anonymous_17)
FN:78,(anonymous_19)
FN:102,(anonymous_21)
FN:126,(anonymous_23)
FNF:7
FNH:0
FNDA:0,(anonymous_12)
FNDA:0,(anonymous_13)
FNDA:0,(anonymous_15)
FNDA:0,(anonymous_17)
FNDA:0,(anonymous_19)
FNDA:0,(anonymous_21)
FNDA:0,(anonymous_23)
DA:2,8
DA:3,8
DA:4,8
DA:5,8
DA:6,8
DA:7,8
DA:8,8
DA:9,8
DA:10,8
DA:13,8
DA:23,0
DA:25,0
DA:26,0
DA:27,0
DA:31,8
DA:33,0
DA:35,0
DA:40,0
DA:48,8
DA:50,0
DA:57,8
DA:59,0
DA:61,0
DA:62,0
DA:71,0
DA:74,0
DA:78,8
DA:80,0
DA:82,0
DA:84,0
DA:85,0
DA:90,0
DA:93,0
DA:102,8
DA:104,0
DA:106,0
DA:111,0
DA:113,0
DA:122,0
DA:126,8
DA:128,0
DA:130,0
DA:135,0
DA:137,0
DA:139,0
DA:143,8
LF:46
LH:17
BRDA:111,0,0,0
BRDA:111,0,1,0
BRDA:135,1,0,0
BRDA:135,1,1,0
BRF:4
BRH:0
end_of_record
TN:
SF:src/controllers/ApiController.ts
FN:19,(anonymous_12)
FN:33,(anonymous_13)
FNF:2
FNH:0
FNDA:0,(anonymous_12)
FNDA:0,(anonymous_13)
DA:2,8
DA:3,8
DA:4,8
DA:5,8
DA:6,8
DA:7,8
DA:8,8
DA:9,8
DA:12,8
DA:24,0
DA:26,0
DA:27,0
DA:28,0
DA:29,0
DA:33,8
DA:35,0
DA:37,0
DA:41,0
DA:46,8
LF:19
LH:11
BRF:0
BRH:0
end_of_record
TN:
SF:src/controllers/ApiKeyController.ts
FN:20,(anonymous_12)
FN:34,(anonymous_13)
FN:56,(anonymous_15)
FN:78,(anonymous_17)
FNF:4
FNH:0
FNDA:0,(anonymous_12)
FNDA:0,(anonymous_13)
FNDA:0,(anonymous_15)
FNDA:0,(anonymous_17)
DA:2,8
DA:3,8
DA:4,8
DA:5,8
DA:6,8
DA:7,8
DA:8,8
DA:9,8
DA:10,8
DA:13,8
DA:25,0
DA:27,0
DA:28,0
DA:29,0
DA:30,0
DA:34,8
DA:36,0
DA:38,0
DA:42,0
DA:44,0
DA:46,0
DA:48,0
DA:56,8
DA:58,0
DA:60,0
DA:62,0
DA:63,0
DA:69,0
DA:72,0
DA:74,0
DA:78,8
DA:80,0
DA:82,0
DA:86,0
DA:88,0
DA:90,0
DA:94,8
LF:37
LH:14
BRDA:44,0,0,0
BRDA:44,0,1,0
BRDA:86,1,0,0
BRDA:86,1,1,0
BRF:4
BRH:0
end_of_record
TN:
SF:src/controllers/AuthController.ts
FN:18,(anonymous_12)
FN:29,(anonymous_13)
FN:47,(anonymous_15)
FN:53,(anonymous_17)
FN:71,(anonymous_19)
FN:77,(anonymous_21)
FNF:6
FNH:0
FNDA:0,(anonymous_12)
FNDA:0,(anonymous_13)
FNDA:0,(anonymous_15)
FNDA:0,(anonymous_17)
FNDA:0,(anonymous_19)
FNDA:0,(anonymous_21)
DA:1,8
DA:2,8
DA:3,8
DA:4,8
DA:5,8
DA:7,8
DA:8,8
DA:9,8
DA:10,8
DA:11,8
DA:14,8
DA:20,0
DA:22,0
DA:24,0
DA:25,0
DA:29,8
DA:31,0
DA:47,8
DA:49,0
DA:53,8
DA:55,0
DA:71,8
DA:73,0
DA:77,8
DA:79,0
DA:81,0
DA:85,8
LF:27
LH:17
BRF:0
BRH:0
end_of_record
TN:
SF:src/controllers/BaseController.ts
FN:7,(anonymous_1)
FN:8,(anonymous_2)
FN:9,(anonymous_3)
FNF:3
FNH:0
FNDA:0,(anonymous_1)
FNDA:0,(anonymous_2)
FNDA:0,(anonymous_3)
DA:2,8
DA:5,8
DA:8,0
DA:9,0
DA:11,0
DA:13,0
DA:16,0
DA:22,8
LF:8
LH:3
BRDA:7,0,0,0
BRDA:7,1,0,0
BRDA:11,2,0,0
BRDA:11,2,1,0
BRF:4
BRH:0
end_of_record
TN:
SF:src/entity/Account.ts
FN:30,(anonymous_3)
FN:30,(anonymous_4)
FNF:2
FNH:2
FNDA:8,(anonymous_3)
FNDA:8,(anonymous_4)
DA:1,8
DA:2,8
DA:3,8
DA:7,8
DA:10,8
DA:13,8
DA:16,8
DA:19,8
DA:22,8
DA:25,8
DA:28,8
DA:30,8
DA:32,8
LF:13
LH:13
BRF:0
BRH:0
end_of_record
TN:
SF:src/entity/ApiKey.ts
FN:24,(anonymous_3)
FN:24,(anonymous_4)
FNF:2
FNH:2
FNDA:8,(anonymous_3)
FNDA:8,(anonymous_4)
DA:1,8
DA:2,8
DA:3,8
DA:7,8
DA:10,8
DA:13,8
DA:16,8
DA:19,8
DA:22,8
DA:24,8
DA:26,8
LF:11
LH:11
BRF:0
BRH:0
end_of_record
TN:
SF:src/entity/User.ts
FN:26,(anonymous_10)
FN:20,(anonymous_12)
FN:20,(anonymous_13)
FN:23,(anonymous_14)
FN:23,(anonymous_15)
FNF:5
FNH:4
FNDA:0,(anonymous_10)
FNDA:8,(anonymous_12)
FNDA:8,(anonymous_13)
FNDA:8,(anonymous_14)
FNDA:8,(anonymous_15)
DA:1,8
DA:2,8
DA:3,8
DA:4,8
DA:5,8
DA:9,8
DA:12,8
DA:15,8
DA:18,8
DA:20,8
DA:21,8
DA:23,8
DA:24,8
DA:28,0
LF:14
LH:13
BRF:0
BRH:0
end_of_record
TN:
SF:src/errors/Exception.ts
FN:6,(anonymous_0)
FNF:1
FNH:1
FNDA:7,(anonymous_0)
DA:1,8
DA:7,7
DA:9,7
DA:11,7
DA:13,7
DA:16,7
DA:18,7
LF:7
LH:7
BRDA:6,0,0,5
BRDA:6,1,0,7
BRDA:13,2,0,7
BRDA:13,2,1,0
BRDA:18,3,0,7
BRDA:18,3,1,0
BRF:6
BRH:4
end_of_record
TN:
SF:src/filters/AccountFilter.ts
FN:6,(anonymous_2)
FN:12,(anonymous_3)
FN:25,(anonymous_4)
FNF:3
FNH:0
FNDA:0,(anonymous_2)
FNDA:0,(anonymous_3)
FNDA:0,(anonymous_4)
DA:1,8
DA:3,8
DA:6,8
DA:8,0
DA:14,0
DA:16,0
DA:17,0
DA:18,0
DA:22,0
DA:27,0
DA:29,0
LF:11
LH:3
BRDA:17,0,0,0
BRDA:17,0,1,0
BRDA:25,1,0,0
BRDA:27,2,0,0
BRDA:27,2,1,0
BRF:5
BRH:0
end_of_record
TN:
SF:src/middlewares/authenticated.ts
FN:3,(anonymous_7)
FN:3,(anonymous_8)
FNF:2
FNH:0
FNDA:0,(anonymous_7)
FNDA:0,(anonymous_8)
DA:3,8
DA:4,0
DA:5,0
DA:8,0
LF:4
LH:1
BRDA:4,0,0,0
BRDA:4,0,1,0
BRF:2
BRH:0
end_of_record
TN:
SF:src/middlewares/guest.ts
FN:3,(anonymous_7)
FN:3,(anonymous_8)
FNF:2
FNH:0
FNDA:0,(anonymous_7)
FNDA:0,(anonymous_8)
DA:3,8
DA:4,0
DA:5,0
DA:8,0
LF:4
LH:1
BRDA:4,0,0,0
BRDA:4,0,1,0
BRF:2
BRH:0
end_of_record
TN:
SF:src/repositories/AccountRepository.ts
FN:8,(anonymous_2)
FN:15,(anonymous_3)
FNF:2
FNH:0
FNDA:0,(anonymous_2)
FNDA:0,(anonymous_3)
DA:1,8
DA:2,8
DA:3,8
DA:6,8
DA:10,0
DA:11,0
DA:14,0
DA:16,0
LF:8
LH:4
BRDA:10,0,0,0
BRDA:10,0,1,0
BRF:2
BRH:0
end_of_record
TN:
SF:src/repositories/Repository.ts
FN:9,(anonymous_0)
FNF:1
FNH:0
FNDA:0,(anonymous_0)
DA:1,8
DA:11,0
DA:13,0
DA:15,0
DA:19,8
LF:5
LH:2
BRF:0
BRH:0
end_of_record
TN:
SF:src/requests/LoginRequest.ts
FN:7,(anonymous_1)
FNF:1
FNH:0
FNDA:0,(anonymous_1)
DA:1,8
DA:9,0
DA:18,8
LF:3
LH:2
BRF:0
BRH:0
end_of_record
TN:
SF:src/requests/RegisterRequest.ts
FN:7,(anonymous_1)
FNF:1
FNH:0
FNDA:0,(anonymous_1)
DA:1,8
DA:9,0
DA:14,0
DA:23,8
LF:4
LH:2
BRF:0
BRH:0
end_of_record
TN:
SF:src/requests/UpsertAccountRequest.ts
FN:7,(anonymous_1)
FNF:1
FNH:0
FNDA:0,(anonymous_1)
DA:1,8
DA:10,0
DA:22,8
LF:3
LH:2
BRF:0
BRH:0
end_of_record
TN:
SF:src/services/Auth.ts
FN:14,(anonymous_12)
FN:23,(anonymous_13)
FN:29,(anonymous_14)
FN:29,(anonymous_15)
FN:31,(anonymous_16)
FN:31,(anonymous_17)
FN:49,(anonymous_18)
FN:52,(anonymous_19)
FN:58,(anonymous_20)
FN:64,(anonymous_21)
FN:66,(anonymous_22)
FN:66,(anonymous_23)
FN:83,(anonymous_24)
FN:87,(anonymous_25)
FNF:14
FNH:0
FNDA:0,(anonymous_12)
FNDA:0,(anonymous_13)
FNDA:0,(anonymous_14)
FNDA:0,(anonymous_15)
FNDA:0,(anonymous_16)
FNDA:0,(anonymous_17)
FNDA:0,(anonymous_18)
FNDA:0,(anonymous_19)
FNDA:0,(anonymous_20)
FNDA:0,(anonymous_21)
FNDA:0,(anonymous_22)
FNDA:0,(anonymous_23)
FNDA:0,(anonymous_24)
FNDA:0,(anonymous_25)
DA:1,8
DA:2,8
DA:3,8
DA:4,8
DA:5,8
DA:6,8
DA:8,8
DA:18,0
DA:19,0
DA:20,0
DA:25,0
DA:29,0
DA:31,0
DA:33,0
DA:35,0
DA:36,0
DA:38,0
DA:40,0
DA:41,0
DA:44,0
DA:48,0
DA:50,0
DA:53,0
DA:60,0
DA:66,0
DA:67,0
DA:68,0
DA:70,0
DA:71,0
DA:73,0
DA:74,0
DA:76,0
DA:79,0
DA:82,0
DA:85,0
DA:88,0
DA:94,8
LF:37
LH:8
BRDA:35,0,0,0
BRDA:35,0,1,0
BRDA:40,1,0,0
BRDA:40,1,1,0
BRF:4
BRH:0
end_of_record
TN:
SF:src/services/ServiceProvider.ts
FN:25,(anonymous_8)
FN:41,(anonymous_9)
FN:46,(anonymous_10)
FN:46,(anonymous_11)
FN:81,(anonymous_12)
FN:81,(anonymous_13)
FN:109,(anonymous_14)
FN:29,(anonymous_15)
FN:29,(anonymous_16)
FNF:9
FNH:8
FNDA:8,(anonymous_8)
FNDA:8,(anonymous_9)
FNDA:8,(anonymous_10)
FNDA:8,(anonymous_11)
FNDA:8,(anonymous_12)
FNDA:8,(anonymous_13)
FNDA:0,(anonymous_14)
FNDA:9,(anonymous_15)
FNDA:9,(anonymous_16)
DA:1,8
DA:2,8
DA:3,8
DA:4,8
DA:5,8
DA:6,8
DA:7,8
DA:8,8
DA:9,8
DA:10,8
DA:11,8
DA:12,8
DA:13,8
DA:14,8
DA:15,8
DA:17,8
DA:19,8
DA:26,8
DA:29,9
DA:30,9
DA:31,8
DA:33,8
DA:35,8
DA:38,9
DA:41,8
DA:43,8
DA:46,8
DA:47,8
DA:49,8
DA:50,8
DA:53,8
DA:64,8
DA:68,8
DA:70,8
DA:81,8
DA:83,8
DA:87,8
DA:91,8
DA:95,8
DA:99,8
DA:103,8
DA:107,8
DA:110,0
LF:43
LH:42
BRDA:49,0,0,8
BRDA:49,0,1,0
BRDA:30,1,0,8
BRDA:30,1,1,1
BRF:4
BRH:3
end_of_record
TN:
SF:src/transformers/AccountListTransformer.ts
FN:8,(anonymous_2)
FNF:1
FNH:0
FNDA:0,(anonymous_2)
DA:1,8
DA:2,8
DA:6,8
DA:10,0
LF:4
LH:3
BRF:0
BRH:0
end_of_record
TN:
SF:src/transformers/ApiKeyListTransformer.ts
FN:8,(anonymous_2)
FNF:1
FNH:0
FNDA:0,(anonymous_2)
DA:1,8
DA:2,8
DA:6,8
DA:10,0
LF:4
LH:3
BRDA:14,0,0,0
BRDA:14,0,1,0
BRF:2
BRH:0
end_of_record
TN:
SF:src/validators/email.ts
FN:1,(anonymous_0)
FNF:1
FNH:1
FNDA:4,(anonymous_0)
DA:1,8
DA:3,4
DA:5,3
DA:7,3
LF:4
LH:4
BRDA:3,0,0,1
BRDA:3,0,1,3
BRF:2
BRH:2
end_of_record
TN:
SF:src/validators/in.ts
FN:1,(anonymous_0)
FNF:1
FNH:1
FNDA:3,(anonymous_0)
DA:1,8
DA:2,3
DA:4,2
DA:6,2
LF:4
LH:4
BRDA:2,0,0,1
BRDA:2,0,1,2
BRF:2
BRH:2
end_of_record
TN:
SF:src/validators/max.ts
FN:3,getNumberFromString
FN:10,(anonymous_2)
FNF:2
FNH:2
FNDA:8,getNumberFromString
FNDA:21,(anonymous_2)
DA:1,8
DA:4,8
DA:5,5
DA:7,3
DA:10,8
DA:11,21
DA:13,21
DA:15,19
DA:17,19
DA:18,1
DA:21,18
DA:23,8
DA:25,8
DA:26,3
DA:28,10
DA:30,3
DA:32,7
DA:34,5
DA:38,2
DA:41,16
LF:20
LH:20
BRDA:4,0,0,3
BRDA:4,0,1,5
BRDA:5,1,0,2
BRDA:5,1,1,3
BRDA:13,2,0,2
BRDA:13,2,1,19
BRDA:17,3,0,1
BRDA:17,3,1,18
BRDA:21,4,0,8
BRDA:21,4,1,10
BRDA:25,5,0,5
BRDA:25,5,1,3
BRDA:28,6,0,3
BRDA:28,6,1,7
BRDA:32,7,0,5
BRDA:32,7,1,2
BRF:16
BRH:16
end_of_record
TN:
SF:src/validators/required.ts
FN:1,(anonymous_0)
FNF:1
FNH:1
FNDA:8,(anonymous_0)
DA:1,8
DA:3,8
LF:2
LH:2
BRF:0
BRH:0
end_of_record
TN:
SF:src/validators/string.ts
FN:1,(anonymous_0)
FNF:1
FNH:1
FNDA:2,(anonymous_0)
DA:1,8
DA:3,2
LF:2
LH:2
BRF:0
BRH:0
end_of_record
TN:
SF:src/validators/unique.ts
FN:6,(anonymous_8)
FN:6,(anonymous_9)
FNF:2
FNH:2
FNDA:5,(anonymous_8)
FNDA:5,(anonymous_9)
DA:1,8
DA:2,8
DA:3,8
DA:6,8
DA:7,5
DA:8,5
DA:10,1
DA:13,4
DA:29,4
DA:30,1
DA:32,3
DA:34,2
DA:38,2
LF:13
LH:13
BRDA:29,0,0,1
BRDA:29,0,1,3
BRDA:32,1,0,1
BRDA:32,1,1,2
BRDA:38,2,0,1
BRDA:38,2,1,1
BRF:6
BRH:6
end_of_record
